pos 1: 1; char 2: 5; policy: 2-6; char: w; pwd: wkwwwfwwpvw
bad
pos 1: 13; char 2: 14; policy: 14-15; char: v; pwd: hvhvlhvvvwxvdvscdpvg
good
pos 1: 1; char 2: 2; policy: 2-3; char: b; pwd: bkkb
bad
pos 1: 2; char 2: 3; policy: 3-4; char: v; pwd: wgvvzvhcvlrvjvvmv
bad
pos 1: 10; char 2: 11; policy: 11-12; char: c; pwd: cccccccccqcccckcc
bad
pos 1: 1; char 2: 4; policy: 2-5; char: z; pwd: zkzpzlzzzzz
good
pos 1: 6; char 2: 12; policy: 7-13; char: x; pwd: xxxxxxxxxxxxxxx
bad
pos 1: 6; char 2: 9; policy: 7-10; char: f; pwd: zffxbwffqfxfffxf
bad
pos 1: 15; char 2: 16; policy: 16-17; char: h; pwd: hvhhhhhhhhhhhhhrt
bad
pos 1: 1; char 2: 2; policy: 2-3; char: k; pwd: krjkk
bad
pos 1: 9; char 2: 10; policy: 10-11; char: k; pwd: kkkkkkkkkkg
good
pos 1: 16; char 2: 19; policy: 17-20; char: d; pwd: dmfpddzdlddtvdddwdtk
bad
pos 1: 2; char 2: 4; policy: 3-5; char: m; pwd: tdwmmmmj
good
pos 1: 3; char 2: 5; policy: 4-6; char: b; pwd: ncdbbpgxrg
good
pos 1: 7; char 2: 12; policy: 8-13; char: d; pwd: bdfddglkdddgqwdfczs
bad
pos 1: 1; char 2: 4; policy: 2-5; char: s; pwd: tsszkhgf
good
pos 1: 1; char 2: 2; policy: 2-3; char: k; pwd: zbkt
good
pos 1: 4; char 2: 8; policy: 5-9; char: k; pwd: qqwmdqkzkldhpjql
good
pos 1: 3; char 2: 5; policy: 4-6; char: p; pwd: bpjfhrpd
bad
pos 1: 9; char 2: 10; policy: 10-11; char: r; pwd: rrrxrrrrwhrrrr
good
pos 1: 5; char 2: 8; policy: 6-9; char: n; pwd: nnxnwnnnbl
good
pos 1: 3; char 2: 5; policy: 4-6; char: k; pwd: kmgpkkjd
good
pos 1: 3; char 2: 4; policy: 4-5; char: v; pwd: vvdgv
good
pos 1: 2; char 2: 3; policy: 3-4; char: h; pwd: jhhh
bad
pos 1: 4; char 2: 13; policy: 5-14; char: n; pwd: gnsnnnlvbzcsjjwqj
good
pos 1: 13; char 2: 16; policy: 14-17; char: f; pwd: qfqffffqffnlwcffz
bad
pos 1: 10; char 2: 11; policy: 11-12; char: j; pwd: mchrqljrjhjjhjvmjwb
bad
pos 1: 0; char 2: 3; policy: 1-4; char: k; pwd: kkkkk
bad
pos 1: 12; char 2: 13; policy: 13-14; char: q; pwd: qqqqqqqqxqqqqlqq
good
pos 1: 0; char 2: 2; policy: 1-3; char: k; pwd: cmkrdptlkxlkh
good
pos 1: 6; char 2: 8; policy: 7-9; char: m; pwd: mmmmmmmmmm
bad
pos 1: 3; char 2: 9; policy: 4-10; char: b; pwd: brbxqbbblb
good
pos 1: 2; char 2: 3; policy: 3-4; char: f; pwd: fqdff
good
pos 1: 2; char 2: 3; policy: 3-4; char: r; pwd: rqrpzrr
good
pos 1: 5; char 2: 6; policy: 6-7; char: n; pwd: cknndnngpnnn
bad
pos 1: 1; char 2: 5; policy: 2-6; char: b; pwd: pkbbbbb
good
pos 1: 2; char 2: 8; policy: 3-9; char: s; pwd: lssssssjswzss
bad
pos 1: 0; char 2: 5; policy: 1-6; char: m; pwd: kmmmmmmmmmm
good
pos 1: 0; char 2: 3; policy: 1-4; char: n; pwd: nnnnnn
bad
pos 1: 2; char 2: 3; policy: 3-4; char: p; pwd: pppqp
good
pos 1: 6; char 2: 15; policy: 7-16; char: s; pwd: ssnslsmshfsvstxsprw
good
pos 1: 0; char 2: 4; policy: 1-5; char: x; pwd: nxxxxxx
good
pos 1: 1; char 2: 3; policy: 2-4; char: q; pwd: qcqqhq
good
pos 1: 3; char 2: 4; policy: 4-5; char: r; pwd: rrprz
good
pos 1: 1; char 2: 4; policy: 2-5; char: q; pwd: kqqqqqq
bad
pos 1: 5; char 2: 6; policy: 6-7; char: m; pwd: nggpmcm
good
pos 1: 3; char 2: 8; policy: 4-9; char: r; pwd: rrrrrrrrr
bad
pos 1: 2; char 2: 5; policy: 3-6; char: j; pwd: zqjpzkkpspsjs
good
pos 1: 0; char 2: 3; policy: 1-4; char: h; pwd: hhhs
good
pos 1: 3; char 2: 7; policy: 4-8; char: l; pwd: wlqgklsl
good
pos 1: 5; char 2: 6; policy: 6-7; char: f; pwd: zxfwcpf
good
pos 1: 4; char 2: 16; policy: 5-17; char: g; pwd: cgvfqmggggqggggzgw
good
pos 1: 1; char 2: 12; policy: 2-13; char: m; pwd: mpsmmmmmmmmmmmm
good
pos 1: 7; char 2: 11; policy: 8-12; char: b; pwd: bdbbblbbbbxkbmb
good
pos 1: 16; char 2: 17; policy: 17-18; char: z; pwd: zzzzzzzzzzzzzzzzjz
good
pos 1: 5; char 2: 10; policy: 6-11; char: h; pwd: dlkhchqxthn
good
pos 1: 0; char 2: 5; policy: 1-6; char: x; pwd: lxxxxxsxdxdhxxfj
good
pos 1: 2; char 2: 3; policy: 3-4; char: m; pwd: mmpm
good
pos 1: 3; char 2: 7; policy: 4-8; char: l; pwd: ncphmhtldmrtvslrbt
good
pos 1: 13; char 2: 14; policy: 14-15; char: c; pwd: ncgjthcdvgjcwcjz
good
pos 1: 3; char 2: 4; policy: 4-5; char: s; pwd: bsjsssbt
bad
pos 1: 1; char 2: 4; policy: 2-5; char: j; pwd: psjvjzbghz
good
pos 1: 10; char 2: 11; policy: 11-12; char: b; pwd: bbbbbbbbbbbbl
bad
pos 1: 5; char 2: 6; policy: 6-7; char: b; pwd: bbbbbbb
bad
pos 1: 5; char 2: 6; policy: 6-7; char: k; pwd: kkkkkkps
good
pos 1: 8; char 2: 9; policy: 9-10; char: w; pwd: wwwcrxcwwwwwwf
bad
pos 1: 0; char 2: 2; policy: 1-3; char: k; pwd: rkkk
good
pos 1: 3; char 2: 4; policy: 4-5; char: q; pwd: dqxcq
good
pos 1: 1; char 2: 13; policy: 2-14; char: v; pwd: vhhtvgwvdhvmqvmsp
good
pos 1: 1; char 2: 2; policy: 2-3; char: c; pwd: nbzrfvv
bad
pos 1: 4; char 2: 8; policy: 5-9; char: h; pwd: hhkvmrxhsf
bad
pos 1: 2; char 2: 4; policy: 3-5; char: v; pwd: bdlgvcqftvvx
good
pos 1: 7; char 2: 8; policy: 8-9; char: p; pwd: ppppppppw
good
pos 1: 3; char 2: 5; policy: 4-6; char: f; pwd: dfkfdf
bad
pos 1: 6; char 2: 7; policy: 7-8; char: m; pwd: mnnmmqwmmzjfb
good
pos 1: 10; char 2: 16; policy: 11-17; char: w; pwd: wgwwwwwwwwwwwwjbwwww
bad
pos 1: 0; char 2: 4; policy: 1-5; char: q; pwd: ccbwhgqszgnqtf
bad
pos 1: 0; char 2: 5; policy: 1-6; char: d; pwd: dkxxddd
bad
pos 1: 4; char 2: 9; policy: 5-10; char: c; pwd: ccccrcckccccc
good
pos 1: 9; char 2: 12; policy: 10-13; char: x; pwd: rxcxxxxxhxcxkxxx
good
pos 1: 1; char 2: 5; policy: 2-6; char: p; pwd: pppppfp
good
pos 1: 3; char 2: 4; policy: 4-5; char: k; pwd: mkjnkmtkkpk
good
pos 1: 6; char 2: 13; policy: 7-14; char: f; pwd: ffffffkwfffhpf
good
pos 1: 7; char 2: 8; policy: 8-9; char: h; pwd: hhhhhhhwwhhhh
bad
pos 1: 2; char 2: 3; policy: 3-4; char: r; pwd: rrrrr
bad
pos 1: 2; char 2: 3; policy: 3-4; char: t; pwd: swptmltp
good
pos 1: 6; char 2: 9; policy: 7-10; char: l; pwd: lmllgllwll
bad
pos 1: 5; char 2: 12; policy: 6-13; char: q; pwd: zqnrkqpqcdfnqvdnlrqq
bad
pos 1: 1; char 2: 2; policy: 2-3; char: k; pwd: ccvmrkxl
bad
pos 1: 10; char 2: 14; policy: 11-15; char: l; pwd: llllllllllllllpll
good
pos 1: 10; char 2: 17; policy: 11-18; char: v; pwd: vvvgvvvvvtmvrvvvsqv
bad
pos 1: 10; char 2: 13; policy: 11-14; char: t; pwd: dshqbfvbdttqcx
good
pos 1: 6; char 2: 7; policy: 7-8; char: n; pwd: wghnnnwnnnmvnn
good
pos 1: 3; char 2: 6; policy: 4-7; char: b; pwd: bpxcbffcsr
bad
pos 1: 5; char 2: 9; policy: 6-10; char: l; pwd: rnlnwlmvtl
bad
pos 1: 16; char 2: 19; policy: 17-20; char: j; pwd: jjvjjjjjjsjjjjjtmjjz
bad
pos 1: 4; char 2: 7; policy: 5-8; char: g; pwd: mvcfkrfcgppfjv
bad
pos 1: 2; char 2: 10; policy: 3-11; char: f; pwd: crzfpxmtlkwwnnfrd
bad
pos 1: 3; char 2: 5; policy: 4-6; char: v; pwd: vvvvmsvd
good
pos 1: 2; char 2: 6; policy: 3-7; char: d; pwd: dddddddd
bad
pos 1: 9; char 2: 10; policy: 10-11; char: m; pwd: mmmmmmmkmgmm
good
pos 1: 4; char 2: 9; policy: 5-10; char: s; pwd: jgsssgsssqsh
good
pos 1: 11; char 2: 17; policy: 12-18; char: g; pwd: fbggtqvjggxmgggjkg
good
pos 1: 9; char 2: 10; policy: 10-11; char: v; pwd: nfclzhbnphxx
bad
pos 1: 1; char 2: 9; policy: 2-10; char: m; pwd: ntqmdkhrrj
bad
pos 1: 3; char 2: 6; policy: 4-7; char: g; pwd: ggxtmdggmghgc
good
pos 1: 7; char 2: 10; policy: 8-11; char: g; pwd: rggggxttqggg
good
pos 1: 6; char 2: 8; policy: 7-9; char: t; pwd: tthsjppttftt
good
pos 1: 14; char 2: 15; policy: 15-16; char: v; pwd: vvvvvvvvvvvvvvvh
good
pos 1: 1; char 2: 4; policy: 2-5; char: g; pwd: sgcgr
good
pos 1: 4; char 2: 6; policy: 5-7; char: f; pwd: fxffjffffp
good
pos 1: 9; char 2: 14; policy: 10-15; char: r; pwd: rrrrrrdrrrrrjrr
bad
pos 1: 12; char 2: 15; policy: 13-16; char: p; pwd: ppppppbppppppwpmppp
good
pos 1: 4; char 2: 10; policy: 5-11; char: z; pwd: zbmxftzzzzmz
bad
pos 1: 10; char 2: 12; policy: 11-13; char: k; pwd: jkkxkkkkvkwkkkkvk
good
pos 1: 5; char 2: 6; policy: 6-7; char: n; pwd: nnntnnz
good
pos 1: 7; char 2: 10; policy: 8-11; char: j; pwd: gjjjjnjkdjqpjtj
bad
pos 1: 1; char 2: 3; policy: 2-4; char: x; pwd: xxxjj
good
pos 1: 1; char 2: 12; policy: 2-13; char: r; pwd: rgnrlpwrbrrxvrrrrzw
bad
pos 1: 4; char 2: 5; policy: 5-6; char: p; pwd: pppppp
bad
pos 1: 13; char 2: 15; policy: 14-16; char: n; pwd: pcnnxqnglnnznngn
bad
pos 1: 0; char 2: 1; policy: 1-2; char: f; pwd: fffffx
bad
pos 1: 3; char 2: 4; policy: 4-5; char: d; pwd: ddpvcdv
bad
pos 1: 1; char 2: 2; policy: 2-3; char: n; pwd: kfnn
good
pos 1: 3; char 2: 5; policy: 4-6; char: q; pwd: qbhbcwmhph
bad
pos 1: 4; char 2: 5; policy: 5-6; char: p; pwd: pnbccxp
bad
pos 1: 4; char 2: 8; policy: 5-9; char: v; pwd: vvvvvvvvmv
good
pos 1: 1; char 2: 3; policy: 2-4; char: x; pwd: rjsv
bad
pos 1: 8; char 2: 15; policy: 9-16; char: x; pwd: xxxxxxxxmxxxxxxnx
bad
pos 1: 1; char 2: 4; policy: 2-5; char: j; pwd: jdjbjjjjj
good
pos 1: 5; char 2: 11; policy: 6-12; char: t; pwd: tttgtttltbtnhrtgk
good
pos 1: 6; char 2: 9; policy: 7-10; char: v; pwd: vvvvvvvvvsv
good
pos 1: 3; char 2: 6; policy: 4-7; char: h; pwd: zmlhhpljhjjhqfh
good
pos 1: 7; char 2: 8; policy: 8-9; char: m; pwd: mmmxmsmkmmmm
good
pos 1: 9; char 2: 10; policy: 10-11; char: z; pwd: zzzzzzzzztwz
bad
pos 1: 5; char 2: 10; policy: 6-11; char: x; pwd: xxxxxxxxxxhxxxxxxx
good
pos 1: 0; char 2: 12; policy: 1-13; char: g; pwd: gggfgggggggggggggz
bad
pos 1: 13; char 2: 14; policy: 14-15; char: f; pwd: frjzssdfnnzflffpsqfj
bad
pos 1: 9; char 2: 17; policy: 10-18; char: f; pwd: fffffffffffffffffff
bad
pos 1: 2; char 2: 3; policy: 3-4; char: s; pwd: ssmg
bad
pos 1: 12; char 2: 13; policy: 13-14; char: t; pwd: ttttttttttttgt
good
pos 1: 5; char 2: 6; policy: 6-7; char: l; pwd: lllscll
bad
pos 1: 13; char 2: 15; policy: 14-16; char: r; pwd: tbbnrgdkdrrsdrnrjnb
bad
pos 1: 10; char 2: 11; policy: 11-12; char: k; pwd: lkkkkkqkkkkclkkqkk
good
pos 1: 1; char 2: 3; policy: 2-4; char: n; pwd: hnfnn
bad
pos 1: 3; char 2: 4; policy: 4-5; char: n; pwd: nsnptgcccnrtc
bad
pos 1: 8; char 2: 9; policy: 9-10; char: z; pwd: zzzzzzzzzrz
good
pos 1: 6; char 2: 7; policy: 7-8; char: m; pwd: pmcgtmmmmmxmvm
bad
pos 1: 5; char 2: 8; policy: 6-9; char: x; pwd: xxxxfxxxq
good
pos 1: 1; char 2: 3; policy: 2-4; char: w; pwd: wwws
good
pos 1: 8; char 2: 16; policy: 9-17; char: h; pwd: hbhhcvhrhctvhhhhx
good
pos 1: 1; char 2: 10; policy: 2-11; char: k; pwd: qfnkfhlbfkshtqvcnk
bad
pos 1: 4; char 2: 8; policy: 5-9; char: k; pwd: kkkkkkkkbkkkkklkk
good
pos 1: 2; char 2: 4; policy: 3-5; char: v; pwd: pgsjv
good
pos 1: 9; char 2: 13; policy: 10-14; char: n; pwd: nnnnnznnnnnnnknr
good
pos 1: 5; char 2: 7; policy: 6-8; char: k; pwd: ppkhkkgkjkqjkkhzkbv
bad
pos 1: 0; char 2: 1; policy: 1-2; char: f; pwd: pfcm
good
pos 1: 9; char 2: 10; policy: 10-11; char: g; pwd: gggggwgggbgg
good
pos 1: 2; char 2: 3; policy: 3-4; char: f; pwd: fffsjqff
good
pos 1: 6; char 2: 12; policy: 7-13; char: x; pwd: kxwpsxxwqkxtx
bad
pos 1: 2; char 2: 12; policy: 3-13; char: k; pwd: klxrstnsxxvmk
good
pos 1: 2; char 2: 5; policy: 3-6; char: w; pwd: dwrwgw
good
pos 1: 0; char 2: 2; policy: 1-3; char: q; pwd: qqqq
bad
pos 1: 3; char 2: 6; policy: 4-7; char: s; pwd: pdsdmsssm
good
pos 1: 1; char 2: 8; policy: 2-9; char: d; pwd: dtzdfddmcbtddjddc
bad
pos 1: 3; char 2: 4; policy: 4-5; char: j; pwd: jjhjjj
bad
pos 1: 0; char 2: 4; policy: 1-5; char: l; pwd: ldjll
bad
pos 1: 6; char 2: 10; policy: 7-11; char: m; pwd: mmwmmlmmmmmmm
bad
pos 1: 8; char 2: 10; policy: 9-11; char: b; pwd: bklmbbbbbdmfb
good
pos 1: 3; char 2: 8; policy: 4-9; char: b; pwd: bbbbbbbbbbb
bad
pos 1: 9; char 2: 13; policy: 10-14; char: h; pwd: jhgchkhkhhhhhqhh
good
pos 1: 4; char 2: 5; policy: 5-6; char: g; pwd: lhqrggfngdkrdthzlvxg
bad
pos 1: 2; char 2: 3; policy: 3-4; char: z; pwd: zzzzzzzz
bad
pos 1: 1; char 2: 5; policy: 2-6; char: z; pwd: lptzfpx
bad
pos 1: 0; char 2: 3; policy: 1-4; char: m; pwd: msjscmmmcmpcj
good
pos 1: 5; char 2: 6; policy: 6-7; char: k; pwd: xsklqkq
good
pos 1: 7; char 2: 15; policy: 8-16; char: m; pwd: mmmmmmmmmmmmmmmmmm
bad
pos 1: 0; char 2: 12; policy: 1-13; char: k; pwd: kjzbztnmnqkckcgkt
bad
pos 1: 14; char 2: 16; policy: 15-17; char: d; pwd: ddmckddddkfqdmddn
good
pos 1: 3; char 2: 6; policy: 4-7; char: t; pwd: tzttvbtxltst
bad
pos 1: 1; char 2: 11; policy: 2-12; char: t; pwd: ntkdzntftxnjl
good
pos 1: 2; char 2: 4; policy: 3-5; char: t; pwd: tttttt
bad
pos 1: 6; char 2: 9; policy: 7-10; char: t; pwd: ttfgtlfhftzkft
good
pos 1: 0; char 2: 2; policy: 1-3; char: z; pwd: bzbzz
bad
pos 1: 3; char 2: 4; policy: 4-5; char: q; pwd: wqkqp
good
pos 1: 12; char 2: 13; policy: 13-14; char: s; pwd: mssssssscssssvcxs
good
pos 1: 0; char 2: 10; policy: 1-11; char: t; pwd: ttttttttxts
good
pos 1: 5; char 2: 7; policy: 6-8; char: x; pwd: xxxxsxxxxsf
bad
pos 1: 0; char 2: 2; policy: 1-3; char: g; pwd: cxngg
bad
pos 1: 11; char 2: 13; policy: 12-14; char: h; pwd: hvhbhhnhhhhhhhh
bad
pos 1: 0; char 2: 4; policy: 1-5; char: q; pwd: qqqqqq
bad
pos 1: 3; char 2: 7; policy: 4-8; char: n; pwd: nnhnkzzrbgwtbvnprnjx
good
pos 1: 1; char 2: 4; policy: 2-5; char: t; pwd: qrlttrdf
good
pos 1: 4; char 2: 5; policy: 5-6; char: h; pwd: hhhhhlhhh
good
pos 1: 0; char 2: 11; policy: 1-12; char: w; pwd: wwwwwwfgqwggwxwfwbw
good
pos 1: 5; char 2: 9; policy: 6-10; char: p; pwd: pppppppppcppp
good
pos 1: 11; char 2: 12; policy: 12-13; char: k; pwd: klpvkmrlnkfpmv
bad
pos 1: 1; char 2: 6; policy: 2-7; char: n; pwd: nnpswzxxhd
good
pos 1: 3; char 2: 5; policy: 4-6; char: k; pwd: pnkgkqrhg
bad
pos 1: 6; char 2: 8; policy: 7-9; char: g; pwd: ggggzgqgngm
bad
pos 1: 8; char 2: 11; policy: 9-12; char: d; pwd: ddkddddddpdd
bad
pos 1: 3; char 2: 8; policy: 4-9; char: l; pwd: lhhlxcsqlkxxsbj
bad
pos 1: 8; char 2: 15; policy: 9-16; char: c; pwd: ccdcckrccchcccpccs
bad
pos 1: 4; char 2: 10; policy: 5-11; char: l; pwd: jshrlcrlkxqp
good
pos 1: 3; char 2: 5; policy: 4-6; char: c; pwd: cwcvcccctcc
good
pos 1: 5; char 2: 7; policy: 6-8; char: d; pwd: dsbmlddlqc
good
pos 1: 3; char 2: 5; policy: 4-6; char: r; pwd: frrrhsb
good
pos 1: 0; char 2: 1; policy: 1-2; char: f; pwd: frhhfjgffwnnf
good
pos 1: 4; char 2: 12; policy: 5-13; char: b; pwd: bbbbbbbbbbbbbbbbb
bad
pos 1: 4; char 2: 12; policy: 5-13; char: g; pwd: jnxbjmfbgmmbg
good
pos 1: 0; char 2: 8; policy: 1-9; char: g; pwd: gkggrbggg
bad
pos 1: 0; char 2: 8; policy: 1-9; char: z; pwd: zzzzzzzzzzz
bad
pos 1: 14; char 2: 15; policy: 15-16; char: k; pwd: kkkkkkkkkkkkkkks
good
pos 1: 2; char 2: 3; policy: 3-4; char: b; pwd: bttm
bad
pos 1: 6; char 2: 7; policy: 7-8; char: k; pwd: kkkkkkkt
good
pos 1: 12; char 2: 13; policy: 13-14; char: f; pwd: ffffsffffffffj
good
pos 1: 7; char 2: 8; policy: 8-9; char: q; pwd: dqqqqqqwfqqbq
bad
pos 1: 3; char 2: 4; policy: 4-5; char: m; pwd: mmfvm
good
pos 1: 3; char 2: 9; policy: 4-10; char: z; pwd: hzjzprfqtzfzlcdpvm
bad
pos 1: 18; char 2: 19; policy: 19-20; char: x; pwd: xxxxxxxxxxxzxxxxxxxc
good
pos 1: 9; char 2: 10; policy: 10-11; char: l; pwd: lzllldlllhlllcpll
good
pos 1: 8; char 2: 14; policy: 9-15; char: l; pwd: lflllblllllqllhl
good
pos 1: 5; char 2: 8; policy: 6-9; char: c; pwd: ccccczccxvckck
bad
pos 1: 6; char 2: 13; policy: 7-14; char: w; pwd: xjchwqvkfgswpwpskc
good
pos 1: 2; char 2: 5; policy: 3-6; char: v; pwd: vvvxtb
good
pos 1: 2; char 2: 4; policy: 3-5; char: f; pwd: ffksvqx
bad
pos 1: 9; char 2: 11; policy: 10-12; char: m; pwd: nxztknmwgmfgq
good
pos 1: 3; char 2: 6; policy: 4-7; char: n; pwd: nbcwzbvhgnnn
bad
pos 1: 2; char 2: 3; policy: 3-4; char: d; pwd: pdhdgwdd
good
pos 1: 9; char 2: 12; policy: 10-13; char: l; pwd: ltmwlllxlltclqpllp
bad
pos 1: 15; char 2: 19; policy: 16-20; char: t; pwd: tttttttttttttttttttt
bad
pos 1: 5; char 2: 6; policy: 6-7; char: z; pwd: gflqpzzzpx
bad
pos 1: 0; char 2: 5; policy: 1-6; char: x; pwd: fxtmtlxgxl
bad
pos 1: 1; char 2: 2; policy: 2-3; char: r; pwd: rsrr
good
pos 1: 1; char 2: 15; policy: 2-16; char: p; pwd: tpsthmqblbjdvxfspm
good
pos 1: 12; char 2: 14; policy: 13-15; char: c; pwd: ccccccccccccccc
bad
pos 1: 7; char 2: 8; policy: 8-9; char: f; pwd: fffkfxfgfff
good
pos 1: 0; char 2: 5; policy: 1-6; char: f; pwd: fzfffjf
good
pos 1: 4; char 2: 5; policy: 5-6; char: d; pwd: dddcdrd
good
pos 1: 2; char 2: 4; policy: 3-5; char: f; pwd: fffffff
bad
pos 1: 4; char 2: 5; policy: 5-6; char: h; pwd: gchlpkxhshhh
bad
pos 1: 1; char 2: 2; policy: 2-3; char: n; pwd: rnvx
good
pos 1: 0; char 2: 2; policy: 1-3; char: d; pwd: dmfp
good
pos 1: 6; char 2: 7; policy: 7-8; char: g; pwd: ggzggjwgkg
good
pos 1: 7; char 2: 12; policy: 8-13; char: n; pwd: cndnnknvpnvnnn
good
pos 1: 1; char 2: 3; policy: 2-4; char: z; pwd: xztz
bad
pos 1: 1; char 2: 2; policy: 2-3; char: h; pwd: hhzzm
good
pos 1: 3; char 2: 4; policy: 4-5; char: c; pwd: ccccckzdqcw
bad
pos 1: 4; char 2: 8; policy: 5-9; char: w; pwd: qqwwwwvsw
bad
pos 1: 0; char 2: 1; policy: 1-2; char: g; pwd: ggmgggjg
bad
pos 1: 5; char 2: 6; policy: 6-7; char: g; pwd: bggxggkgsmgg
good
pos 1: 3; char 2: 6; policy: 4-7; char: j; pwd: zrjgsvj
good
pos 1: 3; char 2: 5; policy: 4-6; char: g; pwd: vgccgdc
bad
pos 1: 0; char 2: 10; policy: 1-11; char: m; pwd: cnmbjlmhlqx
bad
pos 1: 7; char 2: 11; policy: 8-12; char: m; pwd: mmmmmbmmmmgmsmmm
bad
pos 1: 13; char 2: 14; policy: 14-15; char: n; pwd: nwpnnnnnnnnnnnnnpn
bad
pos 1: 13; char 2: 17; policy: 14-18; char: k; pwd: tkkkkpkkpkkkkkxhkj
good
pos 1: 2; char 2: 4; policy: 3-5; char: m; pwd: mpmmnmd
good
pos 1: 11; char 2: 12; policy: 12-13; char: m; pwd: qmmmmmmmmmmmxmm
good
pos 1: 5; char 2: 7; policy: 6-8; char: b; pwd: cbbbbkbb
good
pos 1: 6; char 2: 7; policy: 7-8; char: m; pwd: mmmmmmtm
good
pos 1: 1; char 2: 6; policy: 2-7; char: s; pwd: ntbjsswshs
bad
pos 1: 1; char 2: 2; policy: 2-3; char: r; pwd: btrgr
good
pos 1: 14; char 2: 15; policy: 15-16; char: h; pwd: vgxdgxjvhzdbhjhhj
bad
pos 1: 14; char 2: 15; policy: 15-16; char: j; pwd: jjbjjjjjpqjjjjjj
bad
pos 1: 1; char 2: 3; policy: 2-4; char: r; pwd: rrrr
bad
pos 1: 0; char 2: 8; policy: 1-9; char: n; pwd: nntshwzsf
good
pos 1: 1; char 2: 3; policy: 2-4; char: n; pwd: nnnpnjcc
good
pos 1: 2; char 2: 3; policy: 3-4; char: p; pwd: hrzpsp
good
pos 1: 6; char 2: 7; policy: 7-8; char: l; pwd: lllnlbqm
bad
pos 1: 0; char 2: 8; policy: 1-9; char: d; pwd: sddddddddd
good
pos 1: 1; char 2: 2; policy: 2-3; char: s; pwd: scssswssq
good
pos 1: 1; char 2: 4; policy: 2-5; char: p; pwd: zpvwp
bad
pos 1: 15; char 2: 18; policy: 16-19; char: z; pwd: zzzzzzzzfrzzzzzszmz
good
pos 1: 4; char 2: 5; policy: 5-6; char: g; pwd: gtgkgggzgr
bad
pos 1: 3; char 2: 6; policy: 4-7; char: x; pwd: bclxbtq
good
pos 1: 10; char 2: 11; policy: 11-12; char: k; pwd: kkkkkkkkkkdk
good
pos 1: 8; char 2: 17; policy: 9-18; char: x; pwd: bxlqxvxxxxxxxxxcvmc
good
pos 1: 7; char 2: 17; policy: 8-18; char: g; pwd: dgpgfgngjmqgqgqpnm
good
pos 1: 3; char 2: 9; policy: 4-10; char: f; pwd: fffsfffffwfff
bad
pos 1: 0; char 2: 3; policy: 1-4; char: f; pwd: dfcztnztghj
bad
pos 1: 6; char 2: 9; policy: 7-10; char: t; pwd: tttpttkttjtt
bad
pos 1: 2; char 2: 3; policy: 3-4; char: h; pwd: vfhhhhv
bad
pos 1: 6; char 2: 8; policy: 7-9; char: s; pwd: wkjsslxdss
good
pos 1: 4; char 2: 13; policy: 5-14; char: z; pwd: zzzzzzzzprzzzfzzcwzz
good
pos 1: 0; char 2: 2; policy: 1-3; char: v; pwd: vpvrvcvvdkmm
bad
pos 1: 4; char 2: 8; policy: 5-9; char: c; pwd: bcbcccccmcchrgz
good
pos 1: 6; char 2: 11; policy: 7-12; char: f; pwd: ffqfvffkfrztjdfcff
good
pos 1: 5; char 2: 6; policy: 6-7; char: n; pwd: crmdnmvmnnnnnqnnnzn
bad
pos 1: 8; char 2: 11; policy: 9-12; char: t; pwd: tttsqtttpttrtttlrt
bad
pos 1: 1; char 2: 2; policy: 2-3; char: n; pwd: jnxpgngtgmx
good
pos 1: 7; char 2: 9; policy: 8-10; char: p; pwd: pxpsppzvpppppp
good
pos 1: 3; char 2: 4; policy: 4-5; char: x; pwd: nkbvx
good
pos 1: 0; char 2: 2; policy: 1-3; char: w; pwd: nrlj
bad
pos 1: 0; char 2: 1; policy: 1-2; char: b; pwd: bdhs
good
pos 1: 4; char 2: 10; policy: 5-11; char: q; pwd: qqqqbqqqqqqqqq
good
pos 1: 1; char 2: 3; policy: 2-4; char: n; pwd: nnlmmzhtnknb
good
pos 1: 3; char 2: 15; policy: 4-16; char: h; pwd: xhhhhchhhhhhghhphhs
good
pos 1: 5; char 2: 10; policy: 6-11; char: t; pwd: tttzqtbttttt
bad
pos 1: 9; char 2: 10; policy: 10-11; char: q; pwd: jqqqrqqpqsnq
bad
pos 1: 12; char 2: 13; policy: 13-14; char: f; pwd: ffhffffkffffff
bad
pos 1: 9; char 2: 11; policy: 10-12; char: d; pwd: dddddddkdrddd
good
pos 1: 11; char 2: 12; policy: 12-13; char: h; pwd: qghhdvthxqhhh
bad
pos 1: 0; char 2: 3; policy: 1-4; char: b; pwd: bnvsbb
good
pos 1: 5; char 2: 10; policy: 6-11; char: q; pwd: xqnfqqqqvqfqvqqqh
good
pos 1: 2; char 2: 7; policy: 3-8; char: k; pwd: skskkkkvkk
bad
pos 1: 3; char 2: 5; policy: 4-6; char: b; pwd: bbbbbm
good
pos 1: 5; char 2: 8; policy: 6-9; char: v; pwd: fvthvvvvzhvv
good
pos 1: 4; char 2: 8; policy: 5-9; char: w; pwd: wwwwwwrwgw
good
pos 1: 2; char 2: 18; policy: 3-19; char: c; pwd: vlpkjhtcvbktwwrcmnc
good
pos 1: 9; char 2: 12; policy: 10-13; char: r; pwd: zrrrrrgwrrrsrrrcvr
bad
pos 1: 4; char 2: 15; policy: 5-16; char: n; pwd: svcqnnvkmjhbgjxh
good
pos 1: 3; char 2: 14; policy: 4-15; char: n; pwd: nnnknnnhnnnnnnnnnn
good
pos 1: 8; char 2: 12; policy: 9-13; char: q; pwd: fqxlqsqlqgxkqvrfqgb
bad
pos 1: 14; char 2: 15; policy: 15-16; char: z; pwd: zzzzzzzzzzzzzzhdzz
bad
pos 1: 1; char 2: 17; policy: 2-18; char: j; pwd: pjrkwwdbsfbbncjkpz
good
pos 1: 10; char 2: 11; policy: 11-12; char: z; pwd: zzzzzzzzzzzm
good
pos 1: 1; char 2: 3; policy: 2-4; char: h; pwd: kpfj
bad
pos 1: 4; char 2: 16; policy: 5-17; char: h; pwd: whwdzvthhhhhhhhhhhh
good
pos 1: 4; char 2: 6; policy: 5-7; char: r; pwd: rrcqvnsjrcvrwrfrp
bad
pos 1: 4; char 2: 6; policy: 5-7; char: w; pwd: wwrwwwww
bad
pos 1: 0; char 2: 2; policy: 1-3; char: l; pwd: llhl
good
pos 1: 11; char 2: 15; policy: 12-16; char: r; pwd: bhlqqxszwnnstrff
bad
pos 1: 2; char 2: 4; policy: 3-5; char: f; pwd: pxdrf
good
pos 1: 4; char 2: 7; policy: 5-8; char: x; pwd: hcjxszxxcxxxxx
good
pos 1: 2; char 2: 3; policy: 3-4; char: q; pwd: qqqlc
good
pos 1: 3; char 2: 4; policy: 4-5; char: n; pwd: sfnhn
good
pos 1: 2; char 2: 4; policy: 3-5; char: n; pwd: nnmnnx
good
pos 1: 3; char 2: 10; policy: 4-11; char: g; pwd: gkmnglkjxdn
bad
pos 1: 6; char 2: 9; policy: 7-10; char: r; pwd: rrrbqqrrgbrrmp
good
pos 1: 0; char 2: 5; policy: 1-6; char: t; pwd: ttncttttzbtcst
bad
pos 1: 15; char 2: 18; policy: 16-19; char: h; pwd: hhhpgcthnhdrtcbhvjh
bad
pos 1: 3; char 2: 5; policy: 4-6; char: c; pwd: ccpcldcc
good
pos 1: 10; char 2: 11; policy: 11-12; char: s; pwd: sbvzssshsnvl
bad
pos 1: 7; char 2: 16; policy: 8-17; char: w; pwd: scwwpwwwwwwtvwwwwwh
bad
pos 1: 7; char 2: 8; policy: 8-9; char: x; pwd: xxxxxxxxk
good
pos 1: 11; char 2: 12; policy: 12-13; char: g; pwd: ggtbxqgggzxcpshgg
bad
pos 1: 3; char 2: 11; policy: 4-12; char: l; pwd: prllqnlgzsqxlvwbj
good
pos 1: 7; char 2: 8; policy: 8-9; char: d; pwd: dddddddngd
bad
pos 1: 2; char 2: 5; policy: 3-6; char: f; pwd: rfffkfqf
bad
pos 1: 11; char 2: 15; policy: 12-16; char: g; pwd: zfvpgsmmhtprpcrgzkww
good
pos 1: 11; char 2: 12; policy: 12-13; char: q; pwd: qqqqtqqqqqqxxq
bad
pos 1: 3; char 2: 7; policy: 4-8; char: d; pwd: dpzddfddhvjspzpn
bad
pos 1: 1; char 2: 4; policy: 2-5; char: n; pwd: kjmbgf
bad
pos 1: 0; char 2: 15; policy: 1-16; char: x; pwd: xlxcxxxxpxxqfxxlxrx
good
pos 1: 3; char 2: 6; policy: 4-7; char: b; pwd: cvbrbhlsbzc
bad
pos 1: 0; char 2: 3; policy: 1-4; char: f; pwd: hffpff
bad
pos 1: 3; char 2: 5; policy: 4-6; char: f; pwd: fffnfmf
bad
pos 1: 9; char 2: 10; policy: 10-11; char: s; pwd: sssssssmsfsh
good
pos 1: 0; char 2: 3; policy: 1-4; char: q; pwd: qpzdqqqqcqtqqqqq
good
pos 1: 6; char 2: 7; policy: 7-8; char: s; pwd: sdhjmdvwtssv
bad
pos 1: 12; char 2: 13; policy: 13-14; char: t; pwd: tttctgttttttttttx
bad
pos 1: 3; char 2: 11; policy: 4-12; char: h; pwd: zhxlbhhhhhzch
bad
pos 1: 5; char 2: 9; policy: 6-10; char: p; pwd: ppdpptpxkpppd
good
pos 1: 1; char 2: 5; policy: 2-6; char: s; pwd: pslhftrg
good
pos 1: 1; char 2: 4; policy: 2-5; char: g; pwd: stgfgsq
good
pos 1: 2; char 2: 3; policy: 3-4; char: b; pwd: bbxbw
good
pos 1: 4; char 2: 5; policy: 5-6; char: s; pwd: qjdmshssqjpksmv
good
pos 1: 16; char 2: 17; policy: 17-18; char: q; pwd: qqqmknmrlqqpkqtlqc
good
pos 1: 15; char 2: 16; policy: 16-17; char: c; pwd: cccccdcccccdcccdccc
good
pos 1: 1; char 2: 3; policy: 2-4; char: n; pwd: nvnvd
bad
pos 1: 6; char 2: 7; policy: 7-8; char: d; pwd: dddddddd
bad
pos 1: 3; char 2: 13; policy: 4-14; char: d; pwd: mdcqlgcrjdrvfd
good
pos 1: 5; char 2: 8; policy: 6-9; char: m; pwd: mpmmfmmmvm
good
pos 1: 8; char 2: 16; policy: 9-17; char: v; pwd: vvvvvvvvvvvvvvvvvv
bad
pos 1: 1; char 2: 2; policy: 2-3; char: r; pwd: rrrj
bad
pos 1: 9; char 2: 12; policy: 10-13; char: s; pwd: sjrssssdftsssss
good
pos 1: 11; char 2: 15; policy: 12-16; char: j; pwd: bjznjjjjwjgxjjqj
good
pos 1: 7; char 2: 8; policy: 8-9; char: t; pwd: dttttttcttttttf
good
pos 1: 0; char 2: 4; policy: 1-5; char: n; pwd: nnnnnn
bad
pos 1: 0; char 2: 6; policy: 1-7; char: p; pwd: ptdpsggktwjkpzpp
good
pos 1: 0; char 2: 4; policy: 1-5; char: w; pwd: rwpwwwqww
good
pos 1: 10; char 2: 11; policy: 11-12; char: k; pwd: kxrkkrnnlgkkz
bad
pos 1: 2; char 2: 4; policy: 3-5; char: p; pwd: ppqppp
good
pos 1: 0; char 2: 1; policy: 1-2; char: l; pwd: jkrmtrnflxhj
bad
pos 1: 8; char 2: 10; policy: 9-11; char: x; pwd: pqxxxvmxqxx
good
pos 1: 13; char 2: 16; policy: 14-17; char: f; pwd: wftqlzbvmhnlfjbvf
good
pos 1: 1; char 2: 4; policy: 2-5; char: x; pwd: xxxxj
good
pos 1: 2; char 2: 12; policy: 3-13; char: m; pwd: zjmmxcbcbksmntxghsm
good
pos 1: 0; char 2: 7; policy: 1-8; char: v; pwd: nvvvvvvjvvg
bad
pos 1: 2; char 2: 3; policy: 3-4; char: b; pwd: bblb
good
pos 1: 0; char 2: 2; policy: 1-3; char: p; pwd: qppmwvhmgmkcspdml
good
pos 1: 2; char 2: 3; policy: 3-4; char: n; pwd: nnntnn
good
pos 1: 1; char 2: 2; policy: 2-3; char: p; pwd: nrppvr
good
pos 1: 9; char 2: 10; policy: 10-11; char: r; pwd: crrrrrrrrrrr
bad
pos 1: 3; char 2: 4; policy: 4-5; char: p; pwd: jqpkm
bad
pos 1: 11; char 2: 13; policy: 12-14; char: k; pwd: kkjklkkhkrkkkbkkkkk
good
pos 1: 2; char 2: 12; policy: 3-13; char: l; pwd: lqfjldlxflnvrlcdmhll
bad
pos 1: 8; char 2: 12; policy: 9-13; char: c; pwd: cxsccbqkhccccxcjcp
good
pos 1: 4; char 2: 5; policy: 5-6; char: c; pwd: cvcsccp
bad
pos 1: 12; char 2: 13; policy: 13-14; char: d; pwd: dddddddddddddjd
good
pos 1: 0; char 2: 4; policy: 1-5; char: d; pwd: cmbdxnxndpct
bad
pos 1: 2; char 2: 3; policy: 3-4; char: l; pwd: lllk
good
pos 1: 4; char 2: 5; policy: 5-6; char: b; pwd: bbbbdb
good
pos 1: 4; char 2: 5; policy: 5-6; char: v; pwd: kczqvvvv
bad
pos 1: 3; char 2: 12; policy: 4-13; char: s; pwd: sszsbksgtssbdmsls
good
pos 1: 1; char 2: 12; policy: 2-13; char: q; pwd: kqxqrccgfhwcq
bad
pos 1: 3; char 2: 11; policy: 4-12; char: t; pwd: ttttlttttttlk
good
pos 1: 8; char 2: 9; policy: 9-10; char: j; pwd: jjjjcjjjjgjjjjj
good
pos 1: 13; char 2: 15; policy: 14-16; char: h; pwd: hhhhhhhhhhhhhhhh
bad
pos 1: 9; char 2: 10; policy: 10-11; char: z; pwd: zzzzzzzzzzz
bad
pos 1: 0; char 2: 4; policy: 1-5; char: x; pwd: xxnxs
good
pos 1: 1; char 2: 5; policy: 2-6; char: h; pwd: hwshhhzhhzhsdhxh
good
pos 1: 11; char 2: 13; policy: 12-14; char: x; pwd: xsxxxxxxxxxtkxx
good
pos 1: 2; char 2: 8; policy: 3-9; char: f; pwd: fvffvfxxf
bad
pos 1: 13; char 2: 14; policy: 14-15; char: l; pwd: llwllfnlllrjxhlx
good
pos 1: 6; char 2: 7; policy: 7-8; char: g; pwd: ggggbgjt
bad
pos 1: 0; char 2: 2; policy: 1-3; char: w; pwd: wwcw
good
pos 1: 4; char 2: 10; policy: 5-11; char: p; pwd: pppwqpbpppppppp
good
pos 1: 13; char 2: 17; policy: 14-18; char: v; pwd: vvvvvvvvvvvvvvvvvvv
bad
pos 1: 4; char 2: 5; policy: 5-6; char: j; pwd: gjjjqpjj
bad
pos 1: 4; char 2: 7; policy: 5-8; char: n; pwd: nqtxngdznfwrjxtx
good
pos 1: 1; char 2: 2; policy: 2-3; char: h; pwd: hchzhk
good
pos 1: 1; char 2: 3; policy: 2-4; char: z; pwd: vtzz
good
pos 1: 0; char 2: 3; policy: 1-4; char: q; pwd: mqqnqq
bad
pos 1: 2; char 2: 4; policy: 3-5; char: g; pwd: gggggggg
bad
pos 1: 4; char 2: 6; policy: 5-7; char: v; pwd: vnvvvvv
bad
pos 1: 0; char 2: 2; policy: 1-3; char: h; pwd: hlcsjhs
good
pos 1: 7; char 2: 18; policy: 8-19; char: s; pwd: stsssspqwsssssssssss
good
pos 1: 0; char 2: 2; policy: 1-3; char: f; pwd: nffn
good
pos 1: 14; char 2: 16; policy: 15-17; char: d; pwd: dddddddddddddddddd
bad
pos 1: 1; char 2: 3; policy: 2-4; char: x; pwd: gxhl
good
pos 1: 10; char 2: 11; policy: 11-12; char: n; pwd: nnnnnnnnknnjwnn
good
pos 1: 3; char 2: 5; policy: 4-6; char: w; pwd: wwwkww
good
pos 1: 9; char 2: 16; policy: 10-17; char: p; pwd: ppwppzpppvqppszbxp
bad
pos 1: 10; char 2: 13; policy: 11-14; char: z; pwd: zzzhszzfzzlxcz
good
pos 1: 2; char 2: 9; policy: 3-10; char: d; pwd: ndnddmwdsnpdkbn
bad
pos 1: 6; char 2: 8; policy: 7-9; char: f; pwd: ffffffwtf
good
pos 1: 8; char 2: 10; policy: 9-11; char: l; pwd: lhndlllllljmqccll
good
pos 1: 0; char 2: 1; policy: 1-2; char: r; pwd: jrrrrrrrr
good
pos 1: 1; char 2: 2; policy: 2-3; char: b; pwd: bbbbn
bad
pos 1: 0; char 2: 3; policy: 1-4; char: h; pwd: hhhhh
bad
pos 1: 3; char 2: 7; policy: 4-8; char: s; pwd: gsmsmtrs
bad
pos 1: 0; char 2: 2; policy: 1-3; char: s; pwd: ksssss
good
pos 1: 12; char 2: 13; policy: 13-14; char: k; pwd: kkkkskkkkkkkkxkkkk
good
pos 1: 3; char 2: 6; policy: 4-7; char: v; pwd: tdgsvvjvvqvvvn
bad
pos 1: 5; char 2: 10; policy: 6-11; char: r; pwd: dqkpngrmzrrlt
good
pos 1: 12; char 2: 13; policy: 13-14; char: k; pwd: kkkgkkkkgkkkkkkh
bad
pos 1: 1; char 2: 5; policy: 2-6; char: x; pwd: xxxxjllxsx
good
pos 1: 8; char 2: 11; policy: 9-12; char: v; pwd: vvvvvvvvsvvv
good
pos 1: 11; char 2: 13; policy: 12-14; char: z; pwd: zzzzzpzzzzzvzcz
bad
pos 1: 13; char 2: 14; policy: 14-15; char: w; pwd: wwwwwvwwwwwwwwpw
good
pos 1: 2; char 2: 3; policy: 3-4; char: k; pwd: kjkkwkk
bad
pos 1: 1; char 2: 7; policy: 2-8; char: m; pwd: hhtmwxgm
good
pos 1: 4; char 2: 12; policy: 5-13; char: z; pwd: zpzzwzzzzfwzdznzmwzf
bad
pos 1: 3; char 2: 5; policy: 4-6; char: x; pwd: xfxxxg
good
pos 1: 5; char 2: 8; policy: 6-9; char: p; pwd: smjdwprpzh
good
pos 1: 4; char 2: 9; policy: 5-10; char: f; pwd: nfxffpffffffpf
bad
pos 1: 12; char 2: 13; policy: 13-14; char: h; pwd: phhhhhhhwtrhjhfhhhh
good
pos 1: 3; char 2: 11; policy: 4-12; char: l; pwd: nbrstqwkwgclcbznzlfj
good
pos 1: 1; char 2: 3; policy: 2-4; char: j; pwd: jvjvjjjmj
bad
pos 1: 1; char 2: 2; policy: 2-3; char: p; pwd: pxxp
bad
pos 1: 3; char 2: 4; policy: 4-5; char: g; pwd: gggngg
good
pos 1: 10; char 2: 12; policy: 11-13; char: d; pwd: gddddqddzdzdddh
good
pos 1: 3; char 2: 5; policy: 4-6; char: t; pwd: bdltkmtttcwctm
good
pos 1: 6; char 2: 10; policy: 7-11; char: f; pwd: bxwxmhftfbm
good
pos 1: 11; char 2: 12; policy: 12-13; char: g; pwd: gpggwghghcgghgggkpgg
good
pos 1: 5; char 2: 6; policy: 6-7; char: w; pwd: wwwwprr
bad
pos 1: 1; char 2: 11; policy: 2-12; char: l; pwd: lllmxrnlgllvlwltcl
good
pos 1: 0; char 2: 3; policy: 1-4; char: g; pwd: grgk
good
pos 1: 4; char 2: 8; policy: 5-9; char: k; pwd: lxkhkklkbkdqlkk
good
pos 1: 3; char 2: 6; policy: 4-7; char: r; pwd: pjgrzzrrgpxnckxzrcxc
bad
pos 1: 3; char 2: 4; policy: 4-5; char: m; pwd: mmmmm
bad
pos 1: 6; char 2: 16; policy: 7-17; char: v; pwd: sbtvbpgbnqbfswdhbv
bad
pos 1: 1; char 2: 2; policy: 2-3; char: w; pwd: wtwx
good
pos 1: 2; char 2: 4; policy: 3-5; char: v; pwd: lvdhvb
good
pos 1: 6; char 2: 9; policy: 7-10; char: s; pwd: szssjsshdvs
good
pos 1: 8; char 2: 9; policy: 9-10; char: p; pwd: ptfpsfpjpnvppxpghpp
good
pos 1: 14; char 2: 16; policy: 15-17; char: m; pwd: mmmmmmmmmmxmmmqldmrm
bad
pos 1: 17; char 2: 18; policy: 18-19; char: z; pwd: zzzzzzzzzzzzztzzzzk
good
pos 1: 4; char 2: 6; policy: 5-7; char: f; pwd: flfqfffvffn
bad
pos 1: 3; char 2: 5; policy: 4-6; char: x; pwd: sxrqkl
bad
pos 1: 0; char 2: 1; policy: 1-2; char: b; pwd: kzbb
bad
pos 1: 1; char 2: 8; policy: 2-9; char: c; pwd: cccccccbjjv
good
pos 1: 15; char 2: 16; policy: 16-17; char: p; pwd: pvpfppppppppppppwp
good
pos 1: 8; char 2: 15; policy: 9-16; char: h; pwd: hshhhtjhthhhwhkh
good
pos 1: 1; char 2: 9; policy: 2-10; char: b; pwd: fmwfbcdwvbj
good
pos 1: 7; char 2: 9; policy: 8-10; char: j; pwd: jjjjjjjrjjj
good
pos 1: 0; char 2: 6; policy: 1-7; char: x; pwd: xtxzjwdxmcjdh
good
pos 1: 3; char 2: 4; policy: 4-5; char: j; pwd: jjjrjj
good
pos 1: 2; char 2: 6; policy: 3-7; char: f; pwd: ffvfffnf
bad
pos 1: 10; char 2: 12; policy: 11-13; char: z; pwd: dlchjrjjrlzzz
bad
pos 1: 1; char 2: 7; policy: 2-8; char: s; pwd: ssssssssss
bad
pos 1: 3; char 2: 4; policy: 4-5; char: k; pwd: bfvjvgqkzkwbhk
bad
pos 1: 1; char 2: 4; policy: 2-5; char: b; pwd: zkkcnrrglcxfk
bad
pos 1: 16; char 2: 17; policy: 17-18; char: m; pwd: lmmmmmmmmmmmmmmmgh
bad
pos 1: 6; char 2: 8; policy: 7-9; char: p; pwd: tdppkcpnkpkpf
good
pos 1: 9; char 2: 11; policy: 10-12; char: t; pwd: ttgqmntbtptg
bad
pos 1: 1; char 2: 4; policy: 2-5; char: m; pwd: fmkhm
bad
pos 1: 9; char 2: 10; policy: 10-11; char: g; pwd: gggdxggdggxg
good
pos 1: 5; char 2: 11; policy: 6-12; char: j; pwd: jgwjjjjjxjvjjqdjg
bad
pos 1: 6; char 2: 15; policy: 7-16; char: z; pwd: zzzzzzzzzzzzzzzzzzz
bad
pos 1: 3; char 2: 5; policy: 4-6; char: b; pwd: nsrtbb
good
pos 1: 1; char 2: 4; policy: 2-5; char: j; pwd: kjxjtrl
good
pos 1: 2; char 2: 5; policy: 3-6; char: b; pwd: bhtxxhjbxbbb
bad
pos 1: 2; char 2: 11; policy: 3-12; char: q; pwd: npnlkbqfgpxqjzdfjn
good
pos 1: 4; char 2: 6; policy: 5-7; char: v; pwd: vbvvsgv
good
pos 1: 1; char 2: 8; policy: 2-9; char: h; pwd: mhhhhhhhh
bad
pos 1: 10; char 2: 12; policy: 11-13; char: n; pwd: nnnnnnnnnnnnhn
good
pos 1: 4; char 2: 5; policy: 5-6; char: n; pwd: nncnnl
good
pos 1: 2; char 2: 3; policy: 3-4; char: h; pwd: phxhh
good
pos 1: 5; char 2: 7; policy: 6-8; char: w; pwd: wwwwnwwwglwgw
bad
pos 1: 4; char 2: 5; policy: 5-6; char: j; pwd: qjwjjj
bad
pos 1: 8; char 2: 10; policy: 9-11; char: h; pwd: hhhhhhhhhhg
good
pos 1: 3; char 2: 4; policy: 4-5; char: b; pwd: chbdb
good
pos 1: 4; char 2: 5; policy: 5-6; char: l; pwd: lllljl
good
pos 1: 11; char 2: 12; policy: 12-13; char: q; pwd: qqlqqqqqqqqgq
good
pos 1: 1; char 2: 4; policy: 2-5; char: j; pwd: jkwlt
bad
pos 1: 3; char 2: 11; policy: 4-12; char: w; pwd: gmgtvwfwcwwwb
good
pos 1: 1; char 2: 2; policy: 2-3; char: m; pwd: qmvdv
good
pos 1: 1; char 2: 6; policy: 2-7; char: k; pwd: hkkmsspkrm
good
pos 1: 2; char 2: 6; policy: 3-7; char: k; pwd: tlklhkwk
good
pos 1: 2; char 2: 4; policy: 3-5; char: c; pwd: chgzcccd
good
pos 1: 8; char 2: 18; policy: 9-19; char: x; pwd: xxxxxxxxxxxxxxxxxxqx
good
pos 1: 2; char 2: 3; policy: 3-4; char: b; pwd: bbxbbz
good
pos 1: 0; char 2: 2; policy: 1-3; char: f; pwd: fhhf
good
pos 1: 3; char 2: 4; policy: 4-5; char: d; pwd: fddhp
bad
pos 1: 0; char 2: 2; policy: 1-3; char: j; pwd: jjnj
good
pos 1: 7; char 2: 8; policy: 8-9; char: n; pwd: nnnnnnnnn
bad
pos 1: 2; char 2: 3; policy: 3-4; char: c; pwd: cjct
good
pos 1: 9; char 2: 10; policy: 10-11; char: m; pwd: mmmmmmmmmmh
good
pos 1: 0; char 2: 1; policy: 1-2; char: x; pwd: xbxxx
good
pos 1: 11; char 2: 13; policy: 12-14; char: j; pwd: vtkjdjjjhgpjjjgj
bad
pos 1: 4; char 2: 5; policy: 5-6; char: n; pwd: rldnpnnlxnbjmgnxncv
good
pos 1: 6; char 2: 7; policy: 7-8; char: f; pwd: pnrcpmgffzjffffrxf
good
pos 1: 4; char 2: 8; policy: 5-9; char: n; pwd: nffdnnnnqnnm
good
pos 1: 9; char 2: 17; policy: 10-18; char: s; pwd: sssssvsskxssssrsbsss
good
pos 1: 9; char 2: 10; policy: 10-11; char: k; pwd: kkkkkkkkkkkk
bad
pos 1: 3; char 2: 4; policy: 4-5; char: x; pwd: xxxlgxxxx
bad
pos 1: 3; char 2: 4; policy: 4-5; char: s; pwd: ssksgsssss
good
pos 1: 3; char 2: 4; policy: 4-5; char: b; pwd: bbbbkb
good
pos 1: 0; char 2: 2; policy: 1-3; char: b; pwd: bbbxb
bad
pos 1: 0; char 2: 3; policy: 1-4; char: t; pwd: vttthjtttrs
good
pos 1: 6; char 2: 8; policy: 7-9; char: r; pwd: rjcfrhrqmrrrrrr
good
pos 1: 0; char 2: 3; policy: 1-4; char: f; pwd: kffcffff
bad
pos 1: 13; char 2: 14; policy: 14-15; char: d; pwd: ddxmmdddddtdddv
good
pos 1: 5; char 2: 7; policy: 6-8; char: h; pwd: hfhhvhvq
good
pos 1: 14; char 2: 18; policy: 15-19; char: q; pwd: qcqqqqqqqqqqqqhqqjsq
bad
pos 1: 1; char 2: 3; policy: 2-4; char: n; pwd: cnwn
bad
pos 1: 2; char 2: 3; policy: 3-4; char: b; pwd: btbn
good
pos 1: 3; char 2: 4; policy: 4-5; char: p; pwd: sncdvppkphpp
bad
pos 1: 13; char 2: 15; policy: 14-16; char: h; pwd: zqbhrnhhvlhgxhhw
good
pos 1: 4; char 2: 6; policy: 5-7; char: z; pwd: zjzctzfzl
bad
pos 1: 3; char 2: 9; policy: 4-10; char: m; pwd: gmpmmmrqmqcm
good
pos 1: 2; char 2: 3; policy: 3-4; char: n; pwd: nnnnnnn
bad
pos 1: 6; char 2: 8; policy: 7-9; char: k; pwd: tdqwklhlwncdz
bad
pos 1: 6; char 2: 9; policy: 7-10; char: d; pwd: hmddhvnddznddd
bad
pos 1: 1; char 2: 4; policy: 2-5; char: q; pwd: sqpjm
good
pos 1: 1; char 2: 3; policy: 2-4; char: p; pwd: zpwpkppvp
bad
pos 1: 2; char 2: 3; policy: 3-4; char: g; pwd: gxggggqgg
bad
pos 1: 4; char 2: 13; policy: 5-14; char: p; pwd: vzpppprdfzbkntdd
good
pos 1: 3; char 2: 7; policy: 4-8; char: m; pwd: vldmnlpmmsdbz
bad
pos 1: 2; char 2: 3; policy: 3-4; char: q; pwd: qqlmqqqqq
bad
pos 1: 2; char 2: 15; policy: 3-16; char: n; pwd: pztmwhjmznjqckmnxrr
good
pos 1: 7; char 2: 10; policy: 8-11; char: b; pwd: bvhbsbnbhbmbfjbqbr
good
pos 1: 4; char 2: 6; policy: 5-7; char: q; pwd: wqqqqqgq
good
pos 1: 3; char 2: 13; policy: 4-14; char: n; pwd: nnnrfsnndncmnnmdw
good
pos 1: 2; char 2: 11; policy: 3-12; char: c; pwd: ktcccvpzgkfqcc
good
pos 1: 7; char 2: 9; policy: 8-10; char: s; pwd: mcwvgsdspsl
bad
pos 1: 2; char 2: 5; policy: 3-6; char: l; pwd: lllllv
good
pos 1: 0; char 2: 2; policy: 1-3; char: q; pwd: fqmqq
bad
pos 1: 13; char 2: 14; policy: 14-15; char: z; pwd: zzzzzzzzzzzzzwz
good
pos 1: 4; char 2: 10; policy: 5-11; char: z; pwd: zzmzbxzjzzzzp
good
pos 1: 11; char 2: 12; policy: 12-13; char: w; pwd: wwwwshwwwwkwlwwwwww
good
pos 1: 14; char 2: 17; policy: 15-18; char: r; pwd: rrrrrrrrrrrrrrrrrlr
good
pos 1: 5; char 2: 7; policy: 6-8; char: x; pwd: fcgqdxbxwlgxh
bad
pos 1: 9; char 2: 10; policy: 10-11; char: c; pwd: ccccccccccfc
good
pos 1: 4; char 2: 15; policy: 5-16; char: t; pwd: ttstjrttzbttjltktk
bad
pos 1: 5; char 2: 11; policy: 6-12; char: g; pwd: lgwgdfdzggggj
good
pos 1: 14; char 2: 16; policy: 15-17; char: v; pwd: vvvvvvvvvjvvvvvhgv
good
pos 1: 0; char 2: 4; policy: 1-5; char: n; pwd: cnnnnn
good
pos 1: 4; char 2: 6; policy: 5-7; char: w; pwd: mwwwxww
good
pos 1: 8; char 2: 11; policy: 9-12; char: w; pwd: wvwwwpwwwwwbvwwm
good
pos 1: 0; char 2: 5; policy: 1-6; char: b; pwd: bbbbbbb
bad
pos 1: 3; char 2: 4; policy: 4-5; char: g; pwd: qggbrg
bad
pos 1: 18; char 2: 19; policy: 19-20; char: r; pwd: btvfzlvzmrzhxkclxkfr
good
pos 1: 8; char 2: 10; policy: 9-11; char: j; pwd: mkmmvjjldqx
bad
pos 1: 0; char 2: 3; policy: 1-4; char: l; pwd: lqlgrlcqfll
good
pos 1: 12; char 2: 14; policy: 13-15; char: z; pwd: czzrzzzzzhzzzzzzzz
bad
pos 1: 6; char 2: 8; policy: 7-9; char: h; pwd: hzghwhwhh
good
pos 1: 6; char 2: 16; policy: 7-17; char: g; pwd: gggggglggggggggggg
good
pos 1: 1; char 2: 3; policy: 2-4; char: r; pwd: rjfzr
bad
pos 1: 4; char 2: 5; policy: 5-6; char: n; pwd: nnnnsnbmn
good
pos 1: 1; char 2: 7; policy: 2-8; char: k; pwd: vdqhfccdkjm
bad
pos 1: 1; char 2: 3; policy: 2-4; char: z; pwd: tszh
bad
pos 1: 4; char 2: 6; policy: 5-7; char: j; pwd: pjgtjwpr
good
pos 1: 3; char 2: 7; policy: 4-8; char: g; pwd: gggggggggg
bad
pos 1: 7; char 2: 11; policy: 8-12; char: h; pwd: dnkgcqlhszwqpkzhgdp
good
pos 1: 0; char 2: 3; policy: 1-4; char: n; pwd: pnnnnn
good
pos 1: 2; char 2: 9; policy: 3-10; char: d; pwd: ddrdddlrnrchdfddd
bad
pos 1: 3; char 2: 4; policy: 4-5; char: h; pwd: thzdq
bad
pos 1: 6; char 2: 14; policy: 7-15; char: d; pwd: wkvnfwdhxgvdfjr
good
pos 1: 12; char 2: 14; policy: 13-15; char: j; pwd: jpjjjjslgjjjbgjrjjj
good
pos 1: 10; char 2: 11; policy: 11-12; char: n; pwd: nnntnnnntntnn
good
pos 1: 0; char 2: 1; policy: 1-2; char: n; pwd: nnnnnn
bad
pos 1: 6; char 2: 10; policy: 7-11; char: s; pwd: sswssnssssfsn
good
pos 1: 2; char 2: 3; policy: 3-4; char: x; pwd: xmxz
good
pos 1: 8; char 2: 9; policy: 9-10; char: v; pwd: jvvvxvvvgvvt
good
pos 1: 4; char 2: 6; policy: 5-7; char: c; pwd: cmccfgdc
bad
pos 1: 1; char 2: 4; policy: 2-5; char: q; pwd: jqdqq
bad
pos 1: 16; char 2: 19; policy: 17-20; char: x; pwd: wrdkznpjxcwjxqtnxpvx
bad
pos 1: 3; char 2: 5; policy: 4-6; char: c; pwd: mczcccc
bad
pos 1: 10; char 2: 12; policy: 11-13; char: b; pwd: crbbhxbbbbbfxbbbbx
good
pos 1: 15; char 2: 18; policy: 16-19; char: f; pwd: fvffffqgfjffffpffqd
good
pos 1: 9; char 2: 10; policy: 10-11; char: k; pwd: kkjkkkkkqckkk
good
pos 1: 1; char 2: 5; policy: 2-6; char: r; pwd: rrsntpc
good
pos 1: 1; char 2: 16; policy: 2-17; char: q; pwd: qcpzdqfbqqqqqqqqw
bad
pos 1: 1; char 2: 4; policy: 2-5; char: d; pwd: fvdpddbkq
good
pos 1: 0; char 2: 7; policy: 1-8; char: q; pwd: dqqqfqzz
bad
pos 1: 8; char 2: 13; policy: 9-14; char: t; pwd: kkpbzspjgtzztft
bad
pos 1: 0; char 2: 1; policy: 1-2; char: v; pwd: gvvv
good
pos 1: 11; char 2: 12; policy: 12-13; char: w; pwd: wkwwwwntwwwtwktmwwww
good
pos 1: 12; char 2: 18; policy: 13-19; char: s; pwd: ssssssssxssskssssss
good
pos 1: 7; char 2: 9; policy: 8-10; char: k; pwd: kkkkkkkbkxkk
bad
pos 1: 7; char 2: 8; policy: 8-9; char: q; pwd: qcqdjblnvqqqsqqqqq
bad
pos 1: 9; char 2: 12; policy: 10-13; char: r; pwd: rrrjrprrjrrrvr
good
pos 1: 3; char 2: 5; policy: 4-6; char: k; pwd: kqkkmv
good
pos 1: 1; char 2: 3; policy: 2-4; char: z; pwd: dkzb
bad
pos 1: 1; char 2: 2; policy: 2-3; char: b; pwd: wbbc
bad
pos 1: 16; char 2: 17; policy: 17-18; char: p; pwd: pppppgppppppppppxppp
good
pos 1: 4; char 2: 13; policy: 5-14; char: v; pwd: vdvlvvjzvdvpvc
good
pos 1: 2; char 2: 11; policy: 3-12; char: x; pwd: xnxxxtjxxkxxxxx
bad
pos 1: 4; char 2: 5; policy: 5-6; char: b; pwd: gqzbbvbbbb
good
pos 1: 5; char 2: 9; policy: 6-10; char: k; pwd: kkhxqkkkkkcncxgkk
bad
pos 1: 8; char 2: 9; policy: 9-10; char: j; pwd: jjjjjjjjcsjj
bad
pos 1: 3; char 2: 8; policy: 4-9; char: t; pwd: wzttttxgthbfbbt
bad
pos 1: 1; char 2: 11; policy: 2-12; char: v; pwd: vzvvvkpfvprwmvxjgsvd
bad
pos 1: 2; char 2: 8; policy: 3-9; char: t; pwd: lttcmtrntxwjhhmqhnbc
bad
pos 1: 6; char 2: 10; policy: 7-11; char: m; pwd: dpmqpmdvkmlw
bad
pos 1: 15; char 2: 16; policy: 16-17; char: s; pwd: zssssswsstpssssjmsss
bad
pos 1: 2; char 2: 7; policy: 3-8; char: h; pwd: hhvhbhhhh
good
pos 1: 6; char 2: 8; policy: 7-9; char: c; pwd: nccccnxcc
good
pos 1: 3; char 2: 4; policy: 4-5; char: z; pwd: mzzzz
bad
pos 1: 5; char 2: 6; policy: 6-7; char: g; pwd: ggggggg
bad
pos 1: 1; char 2: 3; policy: 2-4; char: t; pwd: wqmtqzkln
good
pos 1: 3; char 2: 5; policy: 4-6; char: r; pwd: rrcrfrg
bad
pos 1: 1; char 2: 3; policy: 2-4; char: n; pwd: ngndn
bad
pos 1: 7; char 2: 8; policy: 8-9; char: p; pwd: sjppxxgcn
bad
pos 1: 4; char 2: 5; policy: 5-6; char: j; pwd: wjjjmj
good
pos 1: 2; char 2: 6; policy: 3-7; char: g; pwd: qskprfh
bad
pos 1: 3; char 2: 8; policy: 4-9; char: x; pwd: dxxxxxxqvqcxfdjzx
good
pos 1: 6; char 2: 12; policy: 7-13; char: q; pwd: qqqttqqxmfqqlzqpqqq
good
pos 1: 7; char 2: 10; policy: 8-11; char: g; pwd: gggggggpgggg
good
pos 1: 2; char 2: 3; policy: 3-4; char: q; pwd: qqlx
bad
pos 1: 0; char 2: 2; policy: 1-3; char: q; pwd: qqtktrq
good
pos 1: 8; char 2: 16; policy: 9-17; char: b; pwd: bbbbbbbbgbbbbbbbbbb
good
pos 1: 5; char 2: 8; policy: 6-9; char: r; pwd: rrrbrzrrc
bad
pos 1: 8; char 2: 10; policy: 9-11; char: r; pwd: rrrrrrrrsrrr
good
pos 1: 2; char 2: 8; policy: 3-9; char: d; pwd: lsvdztpddd
good
pos 1: 8; char 2: 11; policy: 9-12; char: z; pwd: xzzzzzzgzzzcztzz
good
pos 1: 2; char 2: 12; policy: 3-13; char: f; pwd: fkffdzbtdffpfgjffff
bad
pos 1: 0; char 2: 1; policy: 1-2; char: d; pwd: tddd
good
pos 1: 3; char 2: 5; policy: 4-6; char: c; pwd: wsgfhccrwxfd
good
pos 1: 0; char 2: 1; policy: 1-2; char: d; pwd: hdtnbxqdjnmsksm
good
pos 1: 5; char 2: 8; policy: 6-9; char: r; pwd: rlrrmxdrrrr
good
pos 1: 7; char 2: 8; policy: 8-9; char: c; pwd: cccccccmc
good
pos 1: 4; char 2: 12; policy: 5-13; char: w; pwd: wtwzkwwwjwxdwwvgbwjg
good
pos 1: 6; char 2: 7; policy: 7-8; char: t; pwd: ttkqgstt
bad
pos 1: 4; char 2: 10; policy: 5-11; char: f; pwd: fjfffgfffdlf
good
pos 1: 5; char 2: 6; policy: 6-7; char: l; pwd: llllllcl
good
pos 1: 3; char 2: 5; policy: 4-6; char: g; pwd: ggglggg
good
pos 1: 10; char 2: 11; policy: 11-12; char: r; pwd: rrrrrrrrrrrx
good
pos 1: 2; char 2: 3; policy: 3-4; char: r; pwd: rrrr
bad
pos 1: 3; char 2: 7; policy: 4-8; char: p; pwd: sbpppdrpppmplfq
bad
pos 1: 1; char 2: 2; policy: 2-3; char: k; pwd: kkghkzkrxwx
good
pos 1: 8; char 2: 10; policy: 9-11; char: m; pwd: vwmmmdpxlczmwmmmmgmj
bad
pos 1: 1; char 2: 4; policy: 2-5; char: k; pwd: dpjrsxkhn
bad
pos 1: 1; char 2: 11; policy: 2-12; char: k; pwd: kkkkchsksjwbkkw
good
pos 1: 7; char 2: 16; policy: 8-17; char: r; pwd: rrrrrrvrkrlrrrrtz
good
pos 1: 2; char 2: 3; policy: 3-4; char: q; pwd: nrqq
bad
pos 1: 5; char 2: 6; policy: 6-7; char: j; pwd: crwjljtjxjjk
good
pos 1: 0; char 2: 5; policy: 1-6; char: w; pwd: qwwwpwwwwt
good
pos 1: 7; char 2: 8; policy: 8-9; char: v; pwd: vvvvvvvkv
good
pos 1: 4; char 2: 5; policy: 5-6; char: b; pwd: bttbbbb
bad
pos 1: 7; char 2: 10; policy: 8-11; char: j; pwd: tjbpjjjjfdj
bad
pos 1: 6; char 2: 8; policy: 7-9; char: f; pwd: rfwfffnmvjwktfwfff
bad
pos 1: 13; char 2: 14; policy: 14-15; char: r; pwd: rrrrrrrrrrllrrr
bad
pos 1: 11; char 2: 13; policy: 12-14; char: s; pwd: sflzzssqlcmsdsn
bad
pos 1: 11; char 2: 13; policy: 12-14; char: n; pwd: nnnnnnnnnnnnnnwn
bad
pos 1: 3; char 2: 8; policy: 4-9; char: k; pwd: kkkckxkgz
bad
pos 1: 4; char 2: 5; policy: 5-6; char: r; pwd: rrdrrsrr
good
pos 1: 0; char 2: 1; policy: 1-2; char: p; pwd: qplxp
good
pos 1: 3; char 2: 15; policy: 4-16; char: c; pwd: ccccccczfwphcbcmc
good
pos 1: 1; char 2: 2; policy: 2-3; char: z; pwd: bsrz
bad
pos 1: 6; char 2: 7; policy: 7-8; char: x; pwd: xxlhxxsxxxjctxx
good
pos 1: 1; char 2: 3; policy: 2-4; char: k; pwd: kzkkkk
good
pos 1: 3; char 2: 9; policy: 4-10; char: n; pwd: nnnrnnnnnnn
good
pos 1: 0; char 2: 1; policy: 1-2; char: c; pwd: pzzfbl
bad
pos 1: 0; char 2: 1; policy: 1-2; char: q; pwd: spqqq
bad
pos 1: 3; char 2: 5; policy: 4-6; char: g; pwd: pgnvgwttgfg
bad
pos 1: 9; char 2: 11; policy: 10-12; char: f; pwd: fffffffffffff
bad
pos 1: 6; char 2: 7; policy: 7-8; char: f; pwd: fkrfffns
bad
pos 1: 5; char 2: 6; policy: 6-7; char: b; pwd: bbbbbbt
good
pos 1: 1; char 2: 4; policy: 2-5; char: m; pwd: mmmmmmmmm
bad
pos 1: 5; char 2: 14; policy: 6-15; char: m; pwd: qxhmlmmxmmnmmmppmrtn
good
pos 1: 9; char 2: 15; policy: 10-16; char: n; pwd: shknnnnqnnclnjnnn
bad
pos 1: 1; char 2: 9; policy: 2-10; char: d; pwd: ddxddddddddd
bad
pos 1: 10; char 2: 11; policy: 11-12; char: n; pwd: nnncnnnnnnpn
good
pos 1: 0; char 2: 2; policy: 1-3; char: z; pwd: xzlz
bad
pos 1: 0; char 2: 3; policy: 1-4; char: s; pwd: mssss
good
pos 1: 0; char 2: 6; policy: 1-7; char: p; pwd: bbppppppkgp
good
pos 1: 4; char 2: 5; policy: 5-6; char: w; pwd: wwwwbq
bad
pos 1: 3; char 2: 5; policy: 4-6; char: g; pwd: ggpgggg
bad
pos 1: 1; char 2: 2; policy: 2-3; char: z; pwd: dzzz
bad
pos 1: 14; char 2: 16; policy: 15-17; char: q; pwd: qqqqqqqqqqqqqqqqtqqq
good
pos 1: 12; char 2: 14; policy: 13-15; char: p; pwd: ppppzpppzpfpfpp
good
pos 1: 5; char 2: 10; policy: 6-11; char: t; pwd: xlthtttttccbqtrvqqst
good
pos 1: 6; char 2: 9; policy: 7-10; char: r; pwd: rrwrrrrrrx
good
pos 1: 9; char 2: 10; policy: 10-11; char: z; pwd: zvzzwzzskzkzzzzqc
good
pos 1: 3; char 2: 7; policy: 4-8; char: r; pwd: rrrxvrrsrw
bad
pos 1: 8; char 2: 11; policy: 9-12; char: j; pwd: jhzjjjjjjbjn
good
pos 1: 0; char 2: 3; policy: 1-4; char: h; pwd: hhhzhh
good
pos 1: 4; char 2: 10; policy: 5-11; char: r; pwd: mrrptkrtrqjsrr
bad
pos 1: 12; char 2: 13; policy: 13-14; char: l; pwd: dllllllllllllp
good
pos 1: 5; char 2: 11; policy: 6-12; char: x; pwd: gxxxbgkqvwgh
bad
pos 1: 4; char 2: 7; policy: 5-8; char: s; pwd: ssfscsnt
bad
pos 1: 7; char 2: 8; policy: 8-9; char: c; pwd: chgcggccq
good
pos 1: 3; char 2: 4; policy: 4-5; char: r; pwd: rrrrrr
bad
pos 1: 7; char 2: 8; policy: 8-9; char: f; pwd: fffpfffhfcf
good
pos 1: 1; char 2: 2; policy: 2-3; char: x; pwd: xltcxkg
bad
pos 1: 13; char 2: 14; policy: 14-15; char: s; pwd: qssssssssdsssdjss
bad
pos 1: 3; char 2: 6; policy: 4-7; char: k; pwd: ckkcqkk
good
pos 1: 2; char 2: 6; policy: 3-7; char: q; pwd: lrqpqbn
good
pos 1: 1; char 2: 4; policy: 2-5; char: p; pwd: qvfpp
good
pos 1: 0; char 2: 5; policy: 1-6; char: w; pwd: twwwwmwwqwww
bad
pos 1: 3; char 2: 6; policy: 4-7; char: k; pwd: wkkkcfkrkhxd
bad
pos 1: 11; char 2: 17; policy: 12-18; char: g; pwd: gggggggggggjgggggxg
bad
pos 1: 2; char 2: 3; policy: 3-4; char: c; pwd: jjtwmcgl
bad
pos 1: 5; char 2: 9; policy: 6-10; char: p; pwd: pppppppppp
bad
pos 1: 3; char 2: 5; policy: 4-6; char: w; pwd: fgwwwwwcbkw
bad
pos 1: 0; char 2: 4; policy: 1-5; char: l; pwd: blllll
good
pos 1: 2; char 2: 3; policy: 3-4; char: t; pwd: nrtbtstxwt
good
pos 1: 0; char 2: 9; policy: 1-10; char: d; pwd: dddjdddddddddqdbdd
bad
pos 1: 0; char 2: 2; policy: 1-3; char: h; pwd: xchh
good
pos 1: 2; char 2: 6; policy: 3-7; char: p; pwd: wnhxrpp
good
pos 1: 10; char 2: 12; policy: 11-13; char: v; pwd: vvvvxvvvvvvvvvvvvv
bad
pos 1: 15; char 2: 16; policy: 16-17; char: f; pwd: ffffftfffffffffff
bad
pos 1: 0; char 2: 8; policy: 1-9; char: m; pwd: mkmbjmpbr
good
pos 1: 2; char 2: 4; policy: 3-5; char: x; pwd: xxxxx
bad
pos 1: 8; char 2: 9; policy: 9-10; char: f; pwd: ffffjvrfgfffff
good
pos 1: 3; char 2: 4; policy: 4-5; char: d; pwd: ddddsdbdd
good
pos 1: 5; char 2: 9; policy: 6-10; char: j; pwd: jjjjjjjmjqjjjj
good
pos 1: 3; char 2: 9; policy: 4-10; char: q; pwd: lqqbqqqqqgqq
bad
pos 1: 3; char 2: 12; policy: 4-13; char: d; pwd: dddwdddddddddddddddd
good
pos 1: 2; char 2: 4; policy: 3-5; char: t; pwd: gdtlxbtsnc
good
pos 1: 5; char 2: 14; policy: 6-15; char: t; pwd: tfbjchtdhdvtfcfgtjtk
bad
pos 1: 5; char 2: 6; policy: 6-7; char: d; pwd: dddddddd
bad
pos 1: 6; char 2: 17; policy: 7-18; char: w; pwd: sgbbkwxgdxvwlhjfct
bad
pos 1: 7; char 2: 10; policy: 8-11; char: n; pwd: pbfnnnwntnnnn
bad
pos 1: 0; char 2: 14; policy: 1-15; char: j; pwd: jjjjjjjjjjjjjjj
bad
pos 1: 2; char 2: 11; policy: 3-12; char: b; pwd: zbbsdblxbqvbp
bad
pos 1: 4; char 2: 5; policy: 5-6; char: p; pwd: zxpjtp
good
pos 1: 3; char 2: 6; policy: 4-7; char: k; pwd: kgdhskkkklkmfgnkrtm
good
pos 1: 8; char 2: 9; policy: 9-10; char: s; pwd: sssshssfsjpxssvc
good
pos 1: 1; char 2: 3; policy: 2-4; char: w; pwd: whlhw
bad
pos 1: 10; char 2: 15; policy: 11-16; char: z; pwd: zzbzzzzzzztzzzzsz
bad
pos 1: 7; char 2: 9; policy: 8-10; char: x; pwd: txmxxvxpxxxxxmmlrnj
good
pos 1: 6; char 2: 7; policy: 7-8; char: r; pwd: zrrrrrrs
good
pos 1: 3; char 2: 8; policy: 4-9; char: v; pwd: vvvbbvvvvb
good
pos 1: 9; char 2: 10; policy: 10-11; char: z; pwd: zxzzzzzxmzz
bad
pos 1: 6; char 2: 13; policy: 7-14; char: h; pwd: hhvxcrhhkhhhtrbwtghx
good
pos 1: 8; char 2: 9; policy: 9-10; char: h; pwd: hhfkhchhhpwsphhjdhhc
good
pos 1: 2; char 2: 4; policy: 3-5; char: q; pwd: qqqqtq
good
pos 1: 3; char 2: 4; policy: 4-5; char: f; pwd: ffmftff
good
pos 1: 2; char 2: 12; policy: 3-13; char: l; pwd: llwmlldllfjlt
bad
pos 1: 1; char 2: 2; policy: 2-3; char: b; pwd: bqkp
bad
pos 1: 1; char 2: 2; policy: 2-3; char: j; pwd: jjbj
good
pos 1: 5; char 2: 10; policy: 6-11; char: r; pwd: rnwdrpjrrpxrwrr
bad
pos 1: 8; char 2: 10; policy: 9-11; char: q; pwd: pqlsqjqjqztsqvhmq
good
pos 1: 1; char 2: 3; policy: 2-4; char: m; pwd: mccmm
good
pos 1: 5; char 2: 7; policy: 6-8; char: f; pwd: kfffffffffj
bad
pos 1: 12; char 2: 13; policy: 13-14; char: l; pwd: xlllllllllllkkml
bad
pos 1: 7; char 2: 11; policy: 8-12; char: p; pwd: pppppvpppkpdppp
good
pos 1: 9; char 2: 18; policy: 10-19; char: x; pwd: txnxxhxcxmxrdxfjkvx
good
pos 1: 7; char 2: 8; policy: 8-9; char: x; pwd: xxxxxbxct
bad
pos 1: 0; char 2: 1; policy: 1-2; char: s; pwd: bsjssr
good
pos 1: 1; char 2: 4; policy: 2-5; char: h; pwd: hcbhcl
bad
pos 1: 10; char 2: 11; policy: 11-12; char: c; pwd: dsdklbhrncccc
bad
pos 1: 1; char 2: 2; policy: 2-3; char: c; pwd: ccncccc
good
pos 1: 6; char 2: 7; policy: 7-8; char: f; pwd: fffltfft
good
pos 1: 11; char 2: 12; policy: 12-13; char: c; pwd: ccccccccjcccgc
good
pos 1: 1; char 2: 8; policy: 2-9; char: r; pwd: nsrqvqtrrd
good
pos 1: 0; char 2: 3; policy: 1-4; char: r; pwd: trrr
good
pos 1: 8; char 2: 10; policy: 9-11; char: z; pwd: gzmlcrbbrsvz
bad
pos 1: 6; char 2: 10; policy: 7-11; char: t; pwd: thtbhtxprtcttttt
bad
pos 1: 3; char 2: 5; policy: 4-6; char: g; pwd: zxgtfb
bad
pos 1: 6; char 2: 7; policy: 7-8; char: d; pwd: dfkmhqrjsddqf
bad
pos 1: 13; char 2: 14; policy: 14-15; char: h; pwd: whhhxmrqhjhsvgshvvcx
bad
pos 1: 1; char 2: 2; policy: 2-3; char: t; pwd: ttxxprtpdtrrgn
good
pos 1: 8; char 2: 10; policy: 9-11; char: t; pwd: ttttttttpttt
good
pos 1: 0; char 2: 3; policy: 1-4; char: p; pwd: pnpp
bad
pos 1: 1; char 2: 3; policy: 2-4; char: f; pwd: fvfvf
bad
pos 1: 13; char 2: 14; policy: 14-15; char: x; pwd: xxxxxgxxxxxxxxl
good
pos 1: 5; char 2: 9; policy: 6-10; char: n; pwd: hmdnlrpnkn
good
pos 1: 0; char 2: 2; policy: 1-3; char: n; pwd: gtvnhdnjnn
bad
pos 1: 13; char 2: 14; policy: 14-15; char: d; pwd: mddddddddddddtld
bad
pos 1: 11; char 2: 15; policy: 12-16; char: z; pwd: zqzzzzztzcdwzzzz
good
pos 1: 1; char 2: 2; policy: 2-3; char: f; pwd: mffjfj
bad
pos 1: 9; char 2: 12; policy: 10-13; char: l; pwd: mlrlvlmxlllkk
good
pos 1: 3; char 2: 19; policy: 4-20; char: j; pwd: mvbxdjhxvtxmrnfjvlsr
bad
pos 1: 4; char 2: 14; policy: 5-15; char: m; pwd: zkchpzsgjgvxssmjpm
good
pos 1: 7; char 2: 13; policy: 8-14; char: b; pwd: bbbbrbwbbjbbbzbb
good
pos 1: 3; char 2: 16; policy: 4-17; char: v; pwd: vlvmvvvvvnwtvvvnvvhv
good
pos 1: 15; char 2: 16; policy: 16-17; char: w; pwd: wwwwwwbtjwwwwwwwwww
bad
pos 1: 6; char 2: 8; policy: 7-9; char: x; pwd: sjhjrbxxbq
good
pos 1: 13; char 2: 14; policy: 14-15; char: w; pwd: kwwwwwwwwwwwwwwwwww
bad
pos 1: 11; char 2: 12; policy: 12-13; char: w; pwd: wwwwwwwwwwwxxwwwwlw
bad
pos 1: 1; char 2: 4; policy: 2-5; char: m; pwd: mmmmsmmm
good
pos 1: 0; char 2: 1; policy: 1-2; char: n; pwd: ndng
good
pos 1: 0; char 2: 1; policy: 1-2; char: w; pwd: wpcmtlpwwnzrdzc
good
pos 1: 12; char 2: 13; policy: 13-14; char: z; pwd: zzzzzzzzzzzzzvz
good
pos 1: 7; char 2: 9; policy: 8-10; char: l; pwd: lllllllxlkl
bad
pos 1: 7; char 2: 8; policy: 8-9; char: s; pwd: ssssssssp
good
pos 1: 8; char 2: 11; policy: 9-12; char: s; pwd: sdsssssvssss
bad
pos 1: 1; char 2: 2; policy: 2-3; char: g; pwd: ggxv
good
pos 1: 5; char 2: 8; policy: 6-9; char: c; pwd: cccpcjccc
good
pos 1: 3; char 2: 9; policy: 4-10; char: j; pwd: bmwjqhtmfzkwlsjrc
good
pos 1: 2; char 2: 3; policy: 3-4; char: f; pwd: ffwff
good
pos 1: 6; char 2: 11; policy: 7-12; char: c; pwd: qwrcrtcqczqdxc
good
pos 1: 2; char 2: 3; policy: 3-4; char: p; pwd: vvpm
good
pos 1: 7; char 2: 13; policy: 8-14; char: k; pwd: dkkgkkzkqkkkzwj
good
pos 1: 8; char 2: 17; policy: 9-18; char: s; pwd: ssssssssxsssssssssss
good
pos 1: 11; char 2: 14; policy: 12-15; char: g; pwd: gsggrgglggngggrglggt
good
pos 1: 2; char 2: 5; policy: 3-6; char: w; pwd: wwwpch
good
pos 1: 2; char 2: 6; policy: 3-7; char: p; pwd: ppppppkppp
good
pos 1: 4; char 2: 5; policy: 5-6; char: n; pwd: nnnnnbn
good
pos 1: 7; char 2: 10; policy: 8-11; char: m; pwd: nmlwmdcmmtmb
bad
pos 1: 10; char 2: 14; policy: 11-15; char: t; pwd: ttttttttttttttt
bad
pos 1: 2; char 2: 3; policy: 3-4; char: f; pwd: fffn
good
pos 1: 4; char 2: 6; policy: 5-7; char: b; pwd: bbbbbbtb
good
pos 1: 16; char 2: 19; policy: 17-20; char: l; pwd: lllllllnllllllllpllg
bad
pos 1: 2; char 2: 3; policy: 3-4; char: n; pwd: rnbs
bad
pos 1: 9; char 2: 17; policy: 10-18; char: h; pwd: hhhhphhhmnhhhnhhvhhh
good
pos 1: 3; char 2: 4; policy: 4-5; char: h; pwd: hhmph
good
pos 1: 1; char 2: 4; policy: 2-5; char: k; pwd: fndkkkksvbk
good
pos 1: 0; char 2: 2; policy: 1-3; char: s; pwd: ssssss
bad
pos 1: 2; char 2: 15; policy: 3-16; char: k; pwd: kkkkkkkkkkkkkkkzk
good
pos 1: 4; char 2: 8; policy: 5-9; char: t; pwd: ttzwssrltt
good
pos 1: 2; char 2: 3; policy: 3-4; char: b; pwd: blmbgqphpnq
good
pos 1: 11; char 2: 15; policy: 12-16; char: d; pwd: zdjcndpdjgbddcddd
bad
pos 1: 14; char 2: 16; policy: 15-17; char: b; pwd: ldjbbdxfwdgldfbfn
good
pos 1: 8; char 2: 16; policy: 9-17; char: n; pwd: rhxsgngwnvdfdwtnntr
bad
pos 1: 12; char 2: 13; policy: 13-14; char: z; pwd: zzzpzzzzzzzzszz
good
pos 1: 1; char 2: 2; policy: 2-3; char: s; pwd: sfssjssxssk
good
pos 1: 0; char 2: 5; policy: 1-6; char: n; pwd: dwngnnrnnn
good
pos 1: 3; char 2: 8; policy: 4-9; char: n; pwd: nnghfsvnnp
good
pos 1: 7; char 2: 9; policy: 8-10; char: d; pwd: cxxdnmpdkh
good
pos 1: 7; char 2: 8; policy: 8-9; char: p; pwd: pppllpprnppp
bad
pos 1: 7; char 2: 8; policy: 8-9; char: h; pwd: hhhqngfrhhhhhhh
good
pos 1: 12; char 2: 16; policy: 13-17; char: d; pwd: ddddrnddddddbdddd
good
pos 1: 1; char 2: 13; policy: 2-14; char: w; pwd: rptqzcsdvbjctwsfkwb
good
pos 1: 2; char 2: 5; policy: 3-6; char: x; pwd: mhxxqx
bad
pos 1: 3; char 2: 5; policy: 4-6; char: k; pwd: kkktkkkck
good
pos 1: 1; char 2: 3; policy: 2-4; char: f; pwd: fcffhkff
good
pos 1: 16; char 2: 17; policy: 17-18; char: t; pwd: ttttttttttttttttjt
good
pos 1: 0; char 2: 1; policy: 1-2; char: q; pwd: zcgfq
bad
pos 1: 0; char 2: 3; policy: 1-4; char: b; pwd: bbbjbbbbrb
good
pos 1: 4; char 2: 5; policy: 5-6; char: g; pwd: ggggtx
bad
pos 1: 4; char 2: 11; policy: 5-12; char: q; pwd: qwqpqpmkhqqj
good
pos 1: 7; char 2: 8; policy: 8-9; char: b; pwd: bbgbbbbxb
good
pos 1: 2; char 2: 3; policy: 3-4; char: x; pwd: xxxxxb
bad
pos 1: 3; char 2: 4; policy: 4-5; char: n; pwd: ktskn
good
pos 1: 8; char 2: 9; policy: 9-10; char: z; pwd: zlzdgmpzzz
bad
pos 1: 8; char 2: 11; policy: 9-12; char: j; pwd: bjjqjjjjgjjj
good
pos 1: 1; char 2: 11; policy: 2-12; char: g; pwd: cqnrtxhkgzrmxfbp
bad
pos 1: 1; char 2: 5; policy: 2-6; char: q; pwd: qngktqqqw
good
pos 1: 0; char 2: 1; policy: 1-2; char: z; pwd: nzfzlfdqk
good
pos 1: 2; char 2: 9; policy: 3-10; char: m; pwd: jmrwmhwmmxdmmmm
bad
pos 1: 6; char 2: 8; policy: 7-9; char: z; pwd: ckzzdjjrzb
good
pos 1: 2; char 2: 3; policy: 3-4; char: m; pwd: mmmg
good
pos 1: 4; char 2: 15; policy: 5-16; char: l; pwd: llllflllllllllllll
good
pos 1: 9; char 2: 19; policy: 10-20; char: h; pwd: rxxkbjnvjpvzqjhbhjhh
good
pos 1: 4; char 2: 5; policy: 5-6; char: m; pwd: xkmmqv
bad
pos 1: 0; char 2: 2; policy: 1-3; char: x; pwd: xxxx
bad
pos 1: 9; char 2: 15; policy: 10-16; char: w; pwd: wdqwwhwwcwmcfwwh
good
pos 1: 6; char 2: 10; policy: 7-11; char: m; pwd: mmmmmtmmmmmmm
bad
pos 1: 1; char 2: 6; policy: 2-7; char: z; pwd: frrzczznn
good
pos 1: 2; char 2: 6; policy: 3-7; char: k; pwd: kbkkrgkgzmtlkwkljcq
bad
pos 1: 9; char 2: 12; policy: 10-13; char: l; pwd: clgwvjbxfwrll
good
pos 1: 5; char 2: 6; policy: 6-7; char: t; pwd: tdcthtt
bad
pos 1: 1; char 2: 5; policy: 2-6; char: k; pwd: hknhpk
bad
pos 1: 4; char 2: 12; policy: 5-13; char: p; pwd: pppptppppppppp
good
pos 1: 7; char 2: 13; policy: 8-14; char: j; pwd: jjjpjqxhjbjjjjjj
good
pos 1: 4; char 2: 5; policy: 5-6; char: z; pwd: zzzkzzpzz
bad
pos 1: 1; char 2: 4; policy: 2-5; char: m; pwd: mwpfmrnscgpbbbwt
good
pos 1: 2; char 2: 3; policy: 3-4; char: t; pwd: tpmt
good
pos 1: 7; char 2: 11; policy: 8-12; char: d; pwd: lbddddvdmddddzdddl
bad
pos 1: 0; char 2: 6; policy: 1-7; char: p; pwd: ppppppxpp
good
pos 1: 5; char 2: 6; policy: 6-7; char: t; pwd: cttttpl
bad
pos 1: 1; char 2: 2; policy: 2-3; char: j; pwd: jhrj
bad
pos 1: 10; char 2: 11; policy: 11-12; char: j; pwd: cnbrzpcjghjj
bad
pos 1: 7; char 2: 8; policy: 8-9; char: w; pwd: wwwwwwwww
bad
pos 1: 10; char 2: 11; policy: 11-12; char: f; pwd: fffffgfffffcf
good
pos 1: 2; char 2: 3; policy: 3-4; char: n; pwd: nnnh
good
pos 1: 3; char 2: 7; policy: 4-8; char: h; pwd: dztmrvhhchhhh
good
pos 1: 12; char 2: 17; policy: 13-18; char: l; pwd: llllllllllllfllllll
good
pos 1: 1; char 2: 2; policy: 2-3; char: s; pwd: tzssns
good
pos 1: 3; char 2: 5; policy: 4-6; char: p; pwd: ppppphprln
good
pos 1: 4; char 2: 6; policy: 5-7; char: g; pwd: cjljggsgvlkgqlg
good
pos 1: 4; char 2: 11; policy: 5-12; char: g; pwd: kkgxghvkrzwggvf
bad
pos 1: 3; char 2: 9; policy: 4-10; char: w; pwd: jwwznwkmrj
bad
pos 1: 6; char 2: 10; policy: 7-11; char: p; pwd: cpbhppcmgztfpbp
bad
pos 1: 3; char 2: 4; policy: 4-5; char: g; pwd: ghgcfz
bad
pos 1: 1; char 2: 2; policy: 2-3; char: w; pwd: nfwwqklwr
good
pos 1: 2; char 2: 3; policy: 3-4; char: x; pwd: gxxh
good
pos 1: 15; char 2: 18; policy: 16-19; char: c; pwd: gzhxgqzvclbrmfkclls
good
pos 1: 10; char 2: 12; policy: 11-13; char: f; pwd: fffffffjffpffsffhffl
good
pos 1: 1; char 2: 4; policy: 2-5; char: h; pwd: hqdmxxhbhhhhhghhhh
bad
pos 1: 1; char 2: 2; policy: 2-3; char: l; pwd: hllw
bad
pos 1: 2; char 2: 12; policy: 3-13; char: v; pwd: vvvzvzvgvxlzflvr
good
pos 1: 5; char 2: 11; policy: 6-12; char: m; pwd: kmscmmnmdtxm
bad
pos 1: 13; char 2: 14; policy: 14-15; char: t; pwd: clhtqdcfdncdtbt
good
pos 1: 3; char 2: 4; policy: 4-5; char: k; pwd: fbkkwxkrpxtkctjzhndk
good
pos 1: 5; char 2: 10; policy: 6-11; char: g; pwd: zggggndgggsggg
bad
pos 1: 6; char 2: 9; policy: 7-10; char: n; pwd: mdnntkntnj
good
pos 1: 4; char 2: 5; policy: 5-6; char: b; pwd: xlbbbbb
bad
pos 1: 6; char 2: 10; policy: 7-11; char: s; pwd: sssszssmsss
bad
pos 1: 2; char 2: 9; policy: 3-10; char: k; pwd: qkkkkkkrgkkkfhkrhk
bad
pos 1: 13; char 2: 19; policy: 14-20; char: p; pwd: qcdpppdnppjppgcptppq
bad
pos 1: 1; char 2: 2; policy: 2-3; char: n; pwd: wnknrjwtqcksmlw
good
pos 1: 6; char 2: 9; policy: 7-10; char: n; pwd: jnztbnnzrw
good
pos 1: 8; char 2: 9; policy: 9-10; char: j; pwd: jjjjjjjjjp
good
pos 1: 2; char 2: 4; policy: 3-5; char: f; pwd: hbfnfjkmfpnfjfv
bad
pos 1: 4; char 2: 6; policy: 5-7; char: n; pwd: pckprbrnx
bad
pos 1: 1; char 2: 3; policy: 2-4; char: r; pwd: rbqr
good
pos 1: 0; char 2: 10; policy: 1-11; char: q; pwd: qqqqqqqqqqzq
good
pos 1: 1; char 2: 12; policy: 2-13; char: k; pwd: kkmqckkgqqntkmr
bad
pos 1: 1; char 2: 3; policy: 2-4; char: j; pwd: vjzjj
bad
pos 1: 10; char 2: 11; policy: 11-12; char: q; pwd: qqqqqqcqqqfpqr
bad
pos 1: 1; char 2: 9; policy: 2-10; char: x; pwd: dxhqtxtbkxnnpcrbtgp
bad
pos 1: 5; char 2: 9; policy: 6-10; char: h; pwd: wlhzdhcchhj
bad
pos 1: 6; char 2: 18; policy: 7-19; char: k; pwd: snktsqkmckmzfklbzkv
good
pos 1: 2; char 2: 8; policy: 3-9; char: d; pwd: ddhdvzpdw
bad
pos 1: 8; char 2: 17; policy: 9-18; char: f; pwd: flpgfvffsffwfffgsk
bad
pos 1: 13; char 2: 16; policy: 14-17; char: t; pwd: tttttttxtttttttttt
bad
pos 1: 6; char 2: 13; policy: 7-14; char: l; pwd: wnpxlllqllvhkbhxlk
good
pos 1: 10; char 2: 11; policy: 11-12; char: n; pwd: nnnnnnnnhnnx
good
pos 1: 7; char 2: 11; policy: 8-12; char: r; pwd: fhrrrtrrrcwg
good
pos 1: 4; char 2: 5; policy: 5-6; char: p; pwd: psptpx
good
pos 1: 2; char 2: 3; policy: 3-4; char: x; pwd: xxxxx
bad
pos 1: 11; char 2: 14; policy: 12-15; char: b; pwd: bbbbbbbbbbbbbbqfb
good
pos 1: 2; char 2: 3; policy: 3-4; char: f; pwd: ffsg
bad
pos 1: 7; char 2: 14; policy: 8-15; char: n; pwd: nnnnnmnnndnnnngnnnnn
good
pos 1: 3; char 2: 8; policy: 4-9; char: t; pwd: ttfhtftwt
good
pos 1: 3; char 2: 4; policy: 4-5; char: f; pwd: ffvff
bad
pos 1: 3; char 2: 17; policy: 4-18; char: s; pwd: jssjsssssssssssnsvms
bad
pos 1: 1; char 2: 4; policy: 2-5; char: z; pwd: tzzsz
bad
pos 1: 8; char 2: 16; policy: 9-17; char: g; pwd: nwpqgggbggjfgggmglhd
bad
pos 1: 4; char 2: 5; policy: 5-6; char: c; pwd: kccdbccc
good
pos 1: 2; char 2: 3; policy: 3-4; char: r; pwd: rgrr
bad
pos 1: 8; char 2: 14; policy: 9-15; char: d; pwd: dqddhddngdddddnzd
bad
pos 1: 3; char 2: 11; policy: 4-12; char: c; pwd: zmlpclmdxsqc
good
pos 1: 5; char 2: 7; policy: 6-8; char: q; pwd: fwkptqfqqxg
bad
pos 1: 2; char 2: 3; policy: 3-4; char: s; pwd: hznnsqdx
bad
pos 1: 7; char 2: 8; policy: 8-9; char: q; pwd: qqhqqqqczqq
bad
pos 1: 6; char 2: 7; policy: 7-8; char: z; pwd: nzzzzzzzzz
bad
pos 1: 14; char 2: 15; policy: 15-16; char: p; pwd: pppmpppppppppltdpp
bad
pos 1: 7; char 2: 13; policy: 8-14; char: h; pwd: hhhhhhhmhhhhhrhhhhhh
bad
pos 1: 2; char 2: 3; policy: 3-4; char: k; pwd: fwnchdkstg
bad
pos 1: 9; char 2: 16; policy: 10-17; char: h; pwd: kpcnnpljchcqbcsvbq
good
pos 1: 7; char 2: 8; policy: 8-9; char: v; pwd: tzhcvbtzvtlm
good
pos 1: 11; char 2: 15; policy: 12-16; char: l; pwd: fkjlmjdcllkpwxhxhnl
bad
pos 1: 5; char 2: 14; policy: 6-15; char: k; pwd: llfkkknskkbkkkbkkjkk
good
pos 1: 6; char 2: 11; policy: 7-12; char: n; pwd: tnbjngwnnnlnvgj
good
pos 1: 15; char 2: 18; policy: 16-19; char: r; pwd: gbtxrqmrrrrrrrwrflw
good
pos 1: 2; char 2: 11; policy: 3-12; char: c; pwd: ccqcccccfccccccccc
good
pos 1: 13; char 2: 14; policy: 14-15; char: z; pwd: zzvzzzzzzzzzznczz
bad
pos 1: 4; char 2: 5; policy: 5-6; char: d; pwd: qpddzd
good
pos 1: 3; char 2: 6; policy: 4-7; char: m; pwd: mmmrmmmhtmcmpmm
good
pos 1: 14; char 2: 17; policy: 15-18; char: g; pwd: lghrgggggwqgggxnmqwg
bad
pos 1: 8; char 2: 11; policy: 9-12; char: d; pwd: ddddjrddmddnd
bad
pos 1: 5; char 2: 14; policy: 6-15; char: t; pwd: tttttmttttttttqtttt
bad
pos 1: 8; char 2: 11; policy: 9-12; char: g; pwd: gbdgggnggcggpg
bad
pos 1: 4; char 2: 8; policy: 5-9; char: c; pwd: ccvshdqtcvcczl
good
pos 1: 8; char 2: 9; policy: 9-10; char: v; pwd: xvvtfxrvxvvvvvtvbc
good
pos 1: 2; char 2: 3; policy: 3-4; char: j; pwd: jjjjjjjnq
bad
pos 1: 4; char 2: 5; policy: 5-6; char: h; pwd: pkhzhh
bad
pos 1: 4; char 2: 5; policy: 5-6; char: g; pwd: gggggm
good
pos 1: 0; char 2: 5; policy: 1-6; char: j; pwd: djjjjjj
good
pos 1: 3; char 2: 4; policy: 4-5; char: c; pwd: xvfcfkfz
good
pos 1: 1; char 2: 5; policy: 2-6; char: p; pwd: dpcjksgxtp
good
pos 1: 0; char 2: 1; policy: 1-2; char: w; pwd: rrwwwdw
bad
pos 1: 3; char 2: 4; policy: 4-5; char: t; pwd: ngrttjftxttkrt
bad
pos 1: 0; char 2: 7; policy: 1-8; char: t; pwd: gchtttbtt
good
pos 1: 4; char 2: 10; policy: 5-11; char: r; pwd: bhvgmszrpgrgwcdp
good
pos 1: 3; char 2: 11; policy: 4-12; char: j; pwd: sjjjmzjjjjjpj
good
pos 1: 6; char 2: 14; policy: 7-15; char: t; pwd: tslntctttxtkgtm
good
pos 1: 15; char 2: 17; policy: 16-18; char: j; pwd: jwjwpjjjjzfjjjxvjjj
good
pos 1: 3; char 2: 8; policy: 4-9; char: c; pwd: rbdpccfghwrn
bad
pos 1: 0; char 2: 7; policy: 1-8; char: k; pwd: kkkkkntkkcdqk
bad
pos 1: 0; char 2: 2; policy: 1-3; char: c; pwd: cctdcvcdqc
good
pos 1: 4; char 2: 5; policy: 5-6; char: m; pwd: mmmmmm
bad
pos 1: 5; char 2: 9; policy: 6-10; char: w; pwd: lqwcqwqzkhcbwtgvzxb
good
pos 1: 2; char 2: 3; policy: 3-4; char: h; pwd: hgxhjchhlpms
good
pos 1: 10; char 2: 13; policy: 11-14; char: b; pwd: bkbxxdkrbzbswb
bad
pos 1: 0; char 2: 1; policy: 1-2; char: r; pwd: drcr
good
pos 1: 18; char 2: 19; policy: 19-20; char: l; pwd: llllllllllllllllllll
bad
pos 1: 1; char 2: 6; policy: 2-7; char: g; pwd: fmggdgggx
good
pos 1: 10; char 2: 13; policy: 11-14; char: z; pwd: zzzzzzvzzxbzzh
bad
pos 1: 6; char 2: 7; policy: 7-8; char: p; pwd: ppppppdx
bad
558
