mswxhfpl
8
i0
m
i1
s
i2
w
i3
x
i4
h
i5
f
i6
p
i7
l
6
c
1
i0
c
1
zxe
3
i0
z
i1
x
i2
e
2
xjylztwnkbma
12
i0
x
i1
j
i2
y
i3
l
i4
z
i5
t
i6
w
i7
n
i8
k
i9
b
i10
m
i11
a
10
aekysof
7
i0
a
i1
e
i2
k
i3
y
i4
s
i5
o
i6
f
7
svzgnfiujobmc
13
i0
s
i1
v
i2
z
i3
g
i4
n
i5
f
i6
i
i7
u
i8
j
i9
o
i10
b
i11
m
i12
c
12
jzofxqebrk
10
i0
j
i1
z
i2
o
i3
f
i4
x
i5
q
i6
e
i7
b
i8
r
i9
k
7
cedziyl
7
i0
c
i1
e
i2
d
i3
z
i4
i
i5
y
i6
l
3
oujdnhgwlqfbmpcrevktaizs
24
i0
o
i1
u
i2
j
i3
d
i4
n
i5
h
i6
g
i7
w
i8
l
i9
q
i10
f
i11
b
i12
m
i13
p
i14
c
i15
r
i16
e
i17
v
i18
k
i19
t
i20
a
i21
i
i22
z
i23
s
22
eawjhlxrtc
10
i0
e
i1
a
i2
w
i3
j
i4
h
i5
l
i6
x
i7
r
i8
t
i9
c
9
yhnidq
6
i0
y
i1
h
i2
n
i3
i
i4
d
i5
q
4
skzfnylhmdqcgjoiuv
18
i0
s
i1
k
i2
z
i3
f
i4
n
i5
y
i6
l
i7
h
i8
m
i9
d
i10
q
i11
c
i12
g
i13
j
i14
o
i15
i
i16
u
i17
v
11
gecslpwytzojbv
14
i0
g
i1
e
i2
c
i3
s
i4
l
i5
p
i6
w
i7
y
i8
t
i9
z
i10
o
i11
j
i12
b
i13
v
11
xtqpviho
8
i0
x
i1
t
i2
q
i3
p
i4
v
i5
i
i6
h
i7
o
8
jthwqvmbodsi
12
i0
j
i1
t
i2
h
i3
w
i4
q
i5
v
i6
m
i7
b
i8
o
i9
d
i10
s
i11
i
10
cflmw
5
i0
c
i1
f
i2
l
i3
m
i4
w
0
zmesxd
6
i0
z
i1
m
i2
e
i3
s
i4
x
i5
d
1
sx
2
i0
s
i1
x
0
pbjtdyizfqnrgloucmax
20
i0
p
i1
b
i2
j
i3
t
i4
d
i5
y
i6
i
i7
z
i8
f
i9
q
i10
n
i11
r
i12
g
i13
l
i14
o
i15
u
i16
c
i17
m
i18
a
i19
x
19
j
1
i0
j
0
vdjbnwz
7
i0
v
i1
d
i2
j
i3
b
i4
n
i5
w
i6
z
2
pf
2
i0
p
i1
f
1
mch
3
i0
m
i1
c
i2
h
0
qkeadjmtczxrps
14
i0
q
i1
k
i2
e
i3
a
i4
d
i5
j
i6
m
i7
t
i8
c
i9
z
i10
x
i11
r
i12
p
i13
s
14
edvrzgwkcs
10
i0
e
i1
d
i2
v
i3
r
i4
z
i5
g
i6
w
i7
k
i8
c
i9
s
9
rsu
3
i0
r
i1
s
i2
u
3
zprftcsdnqxkblyuhvje
20
i0
z
i1
p
i2
r
i3
f
i4
t
i5
c
i6
s
i7
d
i8
n
i9
q
i10
x
i11
k
i12
b
i13
l
i14
y
i15
u
i16
h
i17
v
i18
j
i19
e
17
mrf
3
i0
m
i1
r
i2
f
1
rcympeozltx
11
i0
r
i1
c
i2
y
i3
m
i4
p
i5
e
i6
o
i7
z
i8
l
i9
t
i10
x
7
hoxcl
5
i0
h
i1
o
i2
x
i3
c
i4
l
5
eybugcnido
10
i0
e
i1
y
i2
b
i3
u
i4
g
i5
c
i6
n
i7
i
i8
d
i9
o
10
zvqjxpwakbdtygemulifhrsoc
25
i0
z
i1
v
i2
q
i3
j
i4
x
i5
p
i6
w
i7
a
i8
k
i9
b
i10
d
i11
t
i12
y
i13
g
i14
e
i15
m
i16
u
i17
l
i18
i
i19
f
i20
h
i21
r
i22
s
i23
o
i24
c
25
o
1
i0
o
0
i
1
i0
i
1
ntbydrsj
8
i0
n
i1
t
i2
b
i3
y
i4
d
i5
r
i6
s
i7
j
4
wsmlkzp
7
i0
w
i1
s
i2
m
i3
l
i4
k
i5
z
i6
p
7
cdpkmfyotaxl
12
i0
c
i1
d
i2
p
i3
k
i4
m
i5
f
i6
y
i7
o
i8
t
i9
a
i10
x
i11
l
5
wdphxlyagcvtf
13
i0
w
i1
d
i2
p
i3
h
i4
x
i5
l
i6
y
i7
a
i8
g
i9
c
i10
v
i11
t
i12
f
11
nzliogx
7
i0
n
i1
z
i2
l
i3
i
i4
o
i5
g
i6
x
0
c
1
i0
c
0
yqlemtbvrohpk
13
i0
y
i1
q
i2
l
i3
e
i4
m
i5
t
i6
b
i7
v
i8
r
i9
o
i10
h
i11
p
i12
k
12
qido
4
i0
q
i1
i
i2
d
i3
o
2
qpgj
4
i0
q
i1
p
i2
g
i3
j
0
knwsuztcfrqyvjb
15
i0
k
i1
n
i2
w
i3
s
i4
u
i5
z
i6
t
i7
c
i8
f
i9
r
i10
q
i11
y
i12
v
i13
j
i14
b
8
vo
2
i0
v
i1
o
1
cfxyhjorspzdbqnvwa
18
i0
c
i1
f
i2
x
i3
y
i4
h
i5
j
i6
o
i7
r
i8
s
i9
p
i10
z
i11
d
i12
b
i13
q
i14
n
i15
v
i16
w
i17
a
18
kczjha
6
i0
k
i1
c
i2
z
i3
j
i4
h
i5
a
2
gwknqytrvpusc
13
i0
g
i1
w
i2
k
i3
n
i4
q
i5
y
i6
t
i7
r
i8
v
i9
p
i10
u
i11
s
i12
c
10
cfxuqsywnbrphelktmi
19
i0
c
i1
f
i2
x
i3
u
i4
q
i5
s
i6
y
i7
w
i8
n
i9
b
i10
r
i11
p
i12
h
i13
e
i14
l
i15
k
i16
t
i17
m
i18
i
17
mzkyn
5
i0
m
i1
z
i2
k
i3
y
i4
n
1
hzoditwmkseaqvr
15
i0
h
i1
z
i2
o
i3
d
i4
i
i5
t
i6
w
i7
m
i8
k
i9
s
i10
e
i11
a
i12
q
i13
v
i14
r
12
bnjywtdxvoq
11
i0
b
i1
n
i2
j
i3
y
i4
w
i5
t
i6
d
i7
x
i8
v
i9
o
i10
q
7
fxqkozj
7
i0
f
i1
x
i2
q
i3
k
i4
o
i5
z
i6
j
1
dsknxltjremvzo
14
i0
d
i1
s
i2
k
i3
n
i4
x
i5
l
i6
t
i7
j
i8
r
i9
e
i10
m
i11
v
i12
z
i13
o
14
l
1
i0
l
1
mbhdfyvxzciou
13
i0
m
i1
b
i2
h
i3
d
i4
f
i5
y
i6
v
i7
x
i8
z
i9
c
i10
i
i11
o
i12
u
13
fujhbprknwvltcm
15
i0
f
i1
u
i2
j
i3
h
i4
b
i5
p
i6
r
i7
k
i8
n
i9
w
i10
v
i11
l
i12
t
i13
c
i14
m
10
fctvyqsoulzwbmdparigx
21
i0
f
i1
c
i2
t
i3
v
i4
y
i5
q
i6
s
i7
o
i8
u
i9
l
i10
z
i11
w
i12
b
i13
m
i14
d
i15
p
i16
a
i17
r
i18
i
i19
g
i20
x
17
fbdxwpecovh
11
i0
f
i1
b
i2
d
i3
x
i4
w
i5
p
i6
e
i7
c
i8
o
i9
v
i10
h
11
ptesvjkbdawr
12
i0
p
i1
t
i2
e
i3
s
i4
v
i5
j
i6
k
i7
b
i8
d
i9
a
i10
w
i11
r
7
t
1
i0
t
0
h
1
i0
h
1
rzbhp
5
i0
r
i1
z
i2
b
i3
h
i4
p
5
ftovldbexga
11
i0
f
i1
t
i2
o
i3
v
i4
l
i5
d
i6
b
i7
e
i8
x
i9
g
i10
a
7
z
1
i0
z
1
bigtxjsafzm
11
i0
b
i1
i
i2
g
i3
t
i4
x
i5
j
i6
s
i7
a
i8
f
i9
z
i10
m
6
fp
2
i0
f
i1
p
2
zxgovsrcfjutwqkelybpaimd
24
i0
z
i1
x
i2
g
i3
o
i4
v
i5
s
i6
r
i7
c
i8
f
i9
j
i10
u
i11
t
i12
w
i13
q
i14
k
i15
e
i16
l
i17
y
i18
b
i19
p
i20
a
i21
i
i22
m
i23
d
23
axfcs
5
i0
a
i1
x
i2
f
i3
c
i4
s
5
t
1
i0
t
1
gjardhk
7
i0
g
i1
j
i2
a
i3
r
i4
d
i5
h
i6
k
4
kdyaqxzlp
9
i0
k
i1
d
i2
y
i3
a
i4
q
i5
x
i6
z
i7
l
i8
p
9
bumwf
5
i0
b
i1
u
i2
m
i3
w
i4
f
5
gvtrbwyoemajicfqkpsznl
22
i0
g
i1
v
i2
t
i3
r
i4
b
i5
w
i6
y
i7
o
i8
e
i9
m
i10
a
i11
j
i12
i
i13
c
i14
f
i15
q
i16
k
i17
p
i18
s
i19
z
i20
n
i21
l
22
fyhblqmotxiav
13
i0
f
i1
y
i2
h
i3
b
i4
l
i5
q
i6
m
i7
o
i8
t
i9
x
i10
i
i11
a
i12
v
11
l
1
i0
l
1
wt
2
i0
w
i1
t
2
bdyqkonw
8
i0
b
i1
d
i2
y
i3
q
i4
k
i5
o
i6
n
i7
w
6
yqvzrxgwhkapjfbtuocnmsei
24
i0
y
i1
q
i2
v
i3
z
i4
r
i5
x
i6
g
i7
w
i8
h
i9
k
i10
a
i11
p
i12
j
i13
f
i14
b
i15
t
i16
u
i17
o
i18
c
i19
n
i20
m
i21
s
i22
e
i23
i
23
ejsktcwgrhuf
12
i0
e
i1
j
i2
s
i3
k
i4
t
i5
c
i6
w
i7
g
i8
r
i9
h
i10
u
i11
f
7
nxqfubpw
8
i0
n
i1
x
i2
q
i3
f
i4
u
i5
b
i6
p
i7
w
8
cwyd
4
i0
c
i1
w
i2
y
i3
d
4
ftomgqcl
8
i0
f
i1
t
i2
o
i3
m
i4
g
i5
q
i6
c
i7
l
8
lvxjqb
6
i0
l
i1
v
i2
x
i3
j
i4
q
i5
b
1
gcprvyta
8
i0
g
i1
c
i2
p
i3
r
i4
v
i5
y
i6
t
i7
a
7
clmoytbvweaxpuhgzfdki
21
i0
c
i1
l
i2
m
i3
o
i4
y
i5
t
i6
b
i7
v
i8
w
i9
e
i10
a
i11
x
i12
p
i13
u
i14
h
i15
g
i16
z
i17
f
i18
d
i19
k
i20
i
14
wcrvztqdlboyhajpsn
18
i0
w
i1
c
i2
r
i3
v
i4
z
i5
t
i6
q
i7
d
i8
l
i9
b
i10
o
i11
y
i12
h
i13
a
i14
j
i15
p
i16
s
i17
n
18
mibplyvrah
10
i0
m
i1
i
i2
b
i3
p
i4
l
i5
y
i6
v
i7
r
i8
a
i9
h
8
ocyudmgxkelbznavf
17
i0
o
i1
c
i2
y
i3
u
i4
d
i5
m
i6
g
i7
x
i8
k
i9
e
i10
l
i11
b
i12
z
i13
n
i14
a
i15
v
i16
f
14
hmcwetindlboqg
14
i0
h
i1
m
i2
c
i3
w
i4
e
i5
t
i6
i
i7
n
i8
d
i9
l
i10
b
i11
o
i12
q
i13
g
11
dzkbgjcwripto
13
i0
d
i1
z
i2
k
i3
b
i4
g
i5
j
i6
c
i7
w
i8
r
i9
i
i10
p
i11
t
i12
o
7
ey
2
i0
e
i1
y
1
sajmqc
6
i0
s
i1
a
i2
j
i3
m
i4
q
i5
c
5
pbwcnxiksumzr
13
i0
p
i1
b
i2
w
i3
c
i4
n
i5
x
i6
i
i7
k
i8
s
i9
u
i10
m
i11
z
i12
r
13
ismvnoaxj
9
i0
i
i1
s
i2
m
i3
v
i4
n
i5
o
i6
a
i7
x
i8
j
9
opvzkytiaslxc
13
i0
o
i1
p
i2
v
i3
z
i4
k
i5
y
i6
t
i7
i
i8
a
i9
s
i10
l
i11
x
i12
c
13
nvarkyce
8
i0
n
i1
v
i2
a
i3
r
i4
k
i5
y
i6
c
i7
e
6
gjtovuln
8
i0
g
i1
j
i2
t
i3
o
i4
v
i5
u
i6
l
i7
n
7
bktapxzq
8
i0
b
i1
k
i2
t
i3
a
i4
p
i5
x
i6
z
i7
q
8
jd
2
i0
j
i1
d
0
mavsrdnzwlkhjpbqxcg
19
i0
m
i1
a
i2
v
i3
s
i4
r
i5
d
i6
n
i7
z
i8
w
i9
l
i10
k
i11
h
i12
j
i13
p
i14
b
i15
q
i16
x
i17
c
i18
g
19
pkaywuzgvlbhf
13
i0
p
i1
k
i2
a
i3
y
i4
w
i5
u
i6
z
i7
g
i8
v
i9
l
i10
b
i11
h
i12
f
11
jubkivaofsqcdrwynt
18
i0
j
i1
u
i2
b
i3
k
i4
i
i5
v
i6
a
i7
o
i8
f
i9
s
i10
q
i11
c
i12
d
i13
r
i14
w
i15
y
i16
n
i17
t
14
jiehxtqmu
9
i0
j
i1
i
i2
e
i3
h
i4
x
i5
t
i6
q
i7
m
i8
u
9
pmatrxqlygbo
12
i0
p
i1
m
i2
a
i3
t
i4
r
i5
x
i6
q
i7
l
i8
y
i9
g
i10
b
i11
o
11
txilwvdspnukbr
14
i0
t
i1
x
i2
i
i3
l
i4
w
i5
v
i6
d
i7
s
i8
p
i9
n
i10
u
i11
k
i12
b
i13
r
4
kzcygblopsftxu
14
i0
k
i1
z
i2
c
i3
y
i4
g
i5
b
i6
l
i7
o
i8
p
i9
s
i10
f
i11
t
i12
x
i13
u
13
khnoluj
7
i0
k
i1
h
i2
n
i3
o
i4
l
i5
u
i6
j
1
rstwnlif
8
i0
r
i1
s
i2
t
i3
w
i4
n
i5
l
i6
i
i7
f
7
hsxelyjfwucpmrziqtgo
20
i0
h
i1
s
i2
x
i3
e
i4
l
i5
y
i6
j
i7
f
i8
w
i9
u
i10
c
i11
p
i12
m
i13
r
i14
z
i15
i
i16
q
i17
t
i18
g
i19
o
12
vdpukihqgnc
11
i0
v
i1
d
i2
p
i3
u
i4
k
i5
i
i6
h
i7
q
i8
g
i9
n
i10
c
11
zcrdpbi
7
i0
z
i1
c
i2
r
i3
d
i4
p
i5
b
i6
i
7
yfazwxeihqvocpr
15
i0
y
i1
f
i2
a
i3
z
i4
w
i5
x
i6
e
i7
i
i8
h
i9
q
i10
v
i11
o
i12
c
i13
p
i14
r
1
p
1
i0
p
0
soqby
5
i0
s
i1
o
i2
q
i3
b
i4
y
1
byakldxptwcjsiveho
18
i0
b
i1
y
i2
a
i3
k
i4
l
i5
d
i6
x
i7
p
i8
t
i9
w
i10
c
i11
j
i12
s
i13
i
i14
v
i15
e
i16
h
i17
o
10
mhrzloeiqcs
11
i0
m
i1
h
i2
r
i3
z
i4
l
i5
o
i6
e
i7
i
i8
q
i9
c
i10
s
10
uzr
3
i0
u
i1
z
i2
r
2
sp
2
i0
s
i1
p
1
cgkzn
5
i0
c
i1
g
i2
k
i3
z
i4
n
0
qpujg
5
i0
q
i1
p
i2
u
i3
j
i4
g
2
baenkcjylfm
11
i0
b
i1
a
i2
e
i3
n
i4
k
i5
c
i6
j
i7
y
i8
l
i9
f
i10
m
9
vskbapcx
8
i0
v
i1
s
i2
k
i3
b
i4
a
i5
p
i6
c
i7
x
6
empwustrcoxfhq
14
i0
e
i1
m
i2
p
i3
w
i4
u
i5
s
i6
t
i7
r
i8
c
i9
o
i10
x
i11
f
i12
h
i13
q
14
ngtuvzhswm
10
i0
n
i1
g
i2
t
i3
u
i4
v
i5
z
i6
h
i7
s
i8
w
i9
m
5
fjyg
4
i0
f
i1
j
i2
y
i3
g
4
beunsyft
8
i0
b
i1
e
i2
u
i3
n
i4
s
i5
y
i6
f
i7
t
3
ehjtypbnz
9
i0
e
i1
h
i2
j
i3
t
i4
y
i5
p
i6
b
i7
n
i8
z
8
wlvjeuonfxamtdkyh
17
i0
w
i1
l
i2
v
i3
j
i4
e
i5
u
i6
o
i7
n
i8
f
i9
x
i10
a
i11
m
i12
t
i13
d
i14
k
i15
y
i16
h
16
wokleznhtfujvsyi
16
i0
w
i1
o
i2
k
i3
l
i4
e
i5
z
i6
n
i7
h
i8
t
i9
f
i10
u
i11
j
i12
v
i13
s
i14
y
i15
i
15
jmxdruoe
8
i0
j
i1
m
i2
x
i3
d
i4
r
i5
u
i6
o
i7
e
7
znwimsoye
9
i0
z
i1
n
i2
w
i3
i
i4
m
i5
s
i6
o
i7
y
i8
e
2
iduvmxqajc
10
i0
i
i1
d
i2
u
i3
v
i4
m
i5
x
i6
q
i7
a
i8
j
i9
c
8
fsvkmx
6
i0
f
i1
s
i2
v
i3
k
i4
m
i5
x
0
c
1
i0
c
1
rgisypzduoafqenlvbtkchx
23
i0
r
i1
g
i2
i
i3
s
i4
y
i5
p
i6
z
i7
d
i8
u
i9
o
i10
a
i11
f
i12
q
i13
e
i14
n
i15
l
i16
v
i17
b
i18
t
i19
k
i20
c
i21
h
i22
x
23
xwudgpln
8
i0
x
i1
w
i2
u
i3
d
i4
g
i5
p
i6
l
i7
n
5
duzxrwnbpam
11
i0
d
i1
u
i2
z
i3
x
i4
r
i5
w
i6
n
i7
b
i8
p
i9
a
i10
m
11
txfcywbrpqdo
12
i0
t
i1
x
i2
f
i3
c
i4
y
i5
w
i6
b
i7
r
i8
p
i9
q
i10
d
i11
o
12
ph
2
i0
p
i1
h
1
dupzmylvkoexhbnqia
18
i0
d
i1
u
i2
p
i3
z
i4
m
i5
y
i6
l
i7
v
i8
k
i9
o
i10
e
i11
x
i12
h
i13
b
i14
n
i15
q
i16
i
i17
a
16
pzhqidceusavftrbmj
18
i0
p
i1
z
i2
h
i3
q
i4
i
i5
d
i6
c
i7
e
i8
u
i9
s
i10
a
i11
v
i12
f
i13
t
i14
r
i15
b
i16
m
i17
j
13
ejzrvwf
7
i0
e
i1
j
i2
z
i3
r
i4
v
i5
w
i6
f
7
dh
2
i0
d
i1
h
2
unpxarehjdtvfcbi
16
i0
u
i1
n
i2
p
i3
x
i4
a
i5
r
i6
e
i7
h
i8
j
i9
d
i10
t
i11
v
i12
f
i13
c
i14
b
i15
i
12
hwxnscaozpdvmykfr
17
i0
h
i1
w
i2
x
i3
n
i4
s
i5
c
i6
a
i7
o
i8
z
i9
p
i10
d
i11
v
i12
m
i13
y
i14
k
i15
f
i16
r
14
zjrxsc
6
i0
z
i1
j
i2
r
i3
x
i4
s
i5
c
6
ambgxr
6
i0
a
i1
m
i2
b
i3
g
i4
x
i5
r
5
hdoqbximyjpsanc
15
i0
h
i1
d
i2
o
i3
q
i4
b
i5
x
i6
i
i7
m
i8
y
i9
j
i10
p
i11
s
i12
a
i13
n
i14
c
13
oaxmgcrlufztn
13
i0
o
i1
a
i2
x
i3
m
i4
g
i5
c
i6
r
i7
l
i8
u
i9
f
i10
z
i11
t
i12
n
10
ivtwqcunjp
10
i0
i
i1
v
i2
t
i3
w
i4
q
i5
c
i6
u
i7
n
i8
j
i9
p
9
fjixvbl
7
i0
f
i1
j
i2
i
i3
x
i4
v
i5
b
i6
l
4
zojqrydtabghp
13
i0
z
i1
o
i2
j
i3
q
i4
r
i5
y
i6
d
i7
t
i8
a
i9
b
i10
g
i11
h
i12
p
6
sk
2
i0
s
i1
k
1
tmikxzohgyndcbjafuqpv
21
i0
t
i1
m
i2
i
i3
k
i4
x
i5
z
i6
o
i7
h
i8
g
i9
y
i10
n
i11
d
i12
c
i13
b
i14
j
i15
a
i16
f
i17
u
i18
q
i19
p
i20
v
20
bjqcdzy
7
i0
b
i1
j
i2
q
i3
c
i4
d
i5
z
i6
y
6
qcjtnyeurskdmgixbv
18
i0
q
i1
c
i2
j
i3
t
i4
n
i5
y
i6
e
i7
u
i8
r
i9
s
i10
k
i11
d
i12
m
i13
g
i14
i
i15
x
i16
b
i17
v
17
kzmfdtouep
10
i0
k
i1
z
i2
m
i3
f
i4
d
i5
t
i6
o
i7
u
i8
e
i9
p
10
tjo
3
i0
t
i1
j
i2
o
1
bcoepgd
7
i0
b
i1
c
i2
o
i3
e
i4
p
i5
g
i6
d
5
ourfgclz
8
i0
o
i1
u
i2
r
i3
f
i4
g
i5
c
i6
l
i7
z
2
eyrojsbd
8
i0
e
i1
y
i2
r
i3
o
i4
j
i5
s
i6
b
i7
d
8
ejtwasqflokdivyxmgnb
20
i0
e
i1
j
i2
t
i3
w
i4
a
i5
s
i6
q
i7
f
i8
l
i9
o
i10
k
i11
d
i12
i
i13
v
i14
y
i15
x
i16
m
i17
g
i18
n
i19
b
11
mirxqkfatbysz
13
i0
m
i1
i
i2
r
i3
x
i4
q
i5
k
i6
f
i7
a
i8
t
i9
b
i10
y
i11
s
i12
z
2
egnvzfmbxduh
12
i0
e
i1
g
i2
n
i3
v
i4
z
i5
f
i6
m
i7
b
i8
x
i9
d
i10
u
i11
h
9
kpyfabhiq
9
i0
k
i1
p
i2
y
i3
f
i4
a
i5
b
i6
h
i7
i
i8
q
8
ryqlscavmi
10
i0
r
i1
y
i2
q
i3
l
i4
s
i5
c
i6
a
i7
v
i8
m
i9
i
3
d
1
i0
d
1
gmydaz
6
i0
g
i1
m
i2
y
i3
d
i4
a
i5
z
1
pmxn
4
i0
p
i1
m
i2
x
i3
n
3
lsktqzeodcf
11
i0
l
i1
s
i2
k
i3
t
i4
q
i5
z
i6
e
i7
o
i8
d
i9
c
i10
f
9
wjocuxbgyzt
11
i0
w
i1
j
i2
o
i3
c
i4
u
i5
x
i6
b
i7
g
i8
y
i9
z
i10
t
10
bgnpflcimzu
11
i0
b
i1
g
i2
n
i3
p
i4
f
i5
l
i6
c
i7
i
i8
m
i9
z
i10
u
8
cpyvdfhunkqi
12
i0
c
i1
p
i2
y
i3
v
i4
d
i5
f
i6
h
i7
u
i8
n
i9
k
i10
q
i11
i
2
gydetkof
8
i0
g
i1
y
i2
d
i3
e
i4
t
i5
k
i6
o
i7
f
6
cf
2
i0
c
i1
f
2
rvfjwkpmyxaunl
14
i0
r
i1
v
i2
f
i3
j
i4
w
i5
k
i6
p
i7
m
i8
y
i9
x
i10
a
i11
u
i12
n
i13
l
14
vguhiezflwxspkbtqmoyd
21
i0
v
i1
g
i2
u
i3
h
i4
i
i5
e
i6
z
i7
f
i8
l
i9
w
i10
x
i11
s
i12
p
i13
k
i14
b
i15
t
i16
q
i17
m
i18
o
i19
y
i20
d
21
xji
3
i0
x
i1
j
i2
i
2
ialzkged
8
i0
i
i1
a
i2
l
i3
z
i4
k
i5
g
i6
e
i7
d
4
zb
2
i0
z
i1
b
2
shjrvnmbu
9
i0
s
i1
h
i2
j
i3
r
i4
v
i5
n
i6
m
i7
b
i8
u
8
z
1
i0
z
0
ngbfjzuyilokmwvspqca
20
i0
n
i1
g
i2
b
i3
f
i4
j
i5
z
i6
u
i7
y
i8
i
i9
l
i10
o
i11
k
i12
m
i13
w
i14
v
i15
s
i16
p
i17
q
i18
c
i19
a
19
ialhtkpdrb
10
i0
i
i1
a
i2
l
i3
h
i4
t
i5
k
i6
p
i7
d
i8
r
i9
b
4
zroguqymhbvlc
13
i0
z
i1
r
i2
o
i3
g
i4
u
i5
q
i6
y
i7
m
i8
h
i9
b
i10
v
i11
l
i12
c
5
abtzviypku
10
i0
a
i1
b
i2
t
i3
z
i4
v
i5
i
i6
y
i7
p
i8
k
i9
u
8
sjuyplfgmxae
12
i0
s
i1
j
i2
u
i3
y
i4
p
i5
l
i6
f
i7
g
i8
m
i9
x
i10
a
i11
e
12
amclkusofjvxyz
14
i0
a
i1
m
i2
c
i3
l
i4
k
i5
u
i6
s
i7
o
i8
f
i9
j
i10
v
i11
x
i12
y
i13
z
10
yzu
3
i0
y
i1
z
i2
u
2
lmp
3
i0
l
i1
m
i2
p
0
hd
2
i0
h
i1
d
2
m
1
i0
m
1
nqlaphdgomjebrfvc
17
i0
n
i1
q
i2
l
i3
a
i4
p
i5
h
i6
d
i7
g
i8
o
i9
m
i10
j
i11
e
i12
b
i13
r
i14
f
i15
v
i16
c
14
zerdfgybc
9
i0
z
i1
e
i2
r
i3
d
i4
f
i5
g
i6
y
i7
b
i8
c
8
xabho
5
i0
x
i1
a
i2
b
i3
h
i4
o
5
fovcsphual
10
i0
f
i1
o
i2
v
i3
c
i4
s
i5
p
i6
h
i7
u
i8
a
i9
l
6
igstwqkfryhceomauxz
19
i0
i
i1
g
i2
s
i3
t
i4
w
i5
q
i6
k
i7
f
i8
r
i9
y
i10
h
i11
c
i12
e
i13
o
i14
m
i15
a
i16
u
i17
x
i18
z
14
uorhnjfdmezspvblw
17
i0
u
i1
o
i2
r
i3
h
i4
n
i5
j
i6
f
i7
d
i8
m
i9
e
i10
z
i11
s
i12
p
i13
v
i14
b
i15
l
i16
w
12
epudwyxzovrh
12
i0
e
i1
p
i2
u
i3
d
i4
w
i5
y
i6
x
i7
z
i8
o
i9
v
i10
r
i11
h
4
bjv
3
i0
b
i1
j
i2
v
3
mnyzfq
6
i0
m
i1
n
i2
y
i3
z
i4
f
i5
q
5
dpiv
4
i0
d
i1
p
i2
i
i3
v
4
kxybcriamhlfv
13
i0
k
i1
x
i2
y
i3
b
i4
c
i5
r
i6
i
i7
a
i8
m
i9
h
i10
l
i11
f
i12
v
11
tv
2
i0
t
i1
v
2
elyvghamdrfzsbwpijqx
20
i0
e
i1
l
i2
y
i3
v
i4
g
i5
h
i6
a
i7
m
i8
d
i9
r
i10
f
i11
z
i12
s
i13
b
i14
w
i15
p
i16
i
i17
j
i18
q
i19
x
18
hviyodxzabqkgljtewprms
22
i0
h
i1
v
i2
i
i3
y
i4
o
i5
d
i6
x
i7
z
i8
a
i9
b
i10
q
i11
k
i12
g
i13
l
i14
j
i15
t
i16
e
i17
w
i18
p
i19
r
i20
m
i21
s
20
pbyfdcxwezuvkm
14
i0
p
i1
b
i2
y
i3
f
i4
d
i5
c
i6
x
i7
w
i8
e
i9
z
i10
u
i11
v
i12
k
i13
m
11
tygrhvlie
9
i0
t
i1
y
i2
g
i3
r
i4
h
i5
v
i6
l
i7
i
i8
e
3
aj
2
i0
a
i1
j
1
u
1
i0
u
1
juobn
5
i0
j
i1
u
i2
o
i3
b
i4
n
2
wvacjmth
8
i0
w
i1
v
i2
a
i3
c
i4
j
i5
m
i6
t
i7
h
8
cfnwp
5
i0
c
i1
f
i2
n
i3
w
i4
p
4
ocrhstamfnjqpxkvzw
18
i0
o
i1
c
i2
r
i3
h
i4
s
i5
t
i6
a
i7
m
i8
f
i9
n
i10
j
i11
q
i12
p
i13
x
i14
k
i15
v
i16
z
i17
w
16
h
1
i0
h
1
jsgoxre
7
i0
j
i1
s
i2
g
i3
o
i4
x
i5
r
i6
e
1
qxsabopvlgudneci
16
i0
q
i1
x
i2
s
i3
a
i4
b
i5
o
i6
p
i7
v
i8
l
i9
g
i10
u
i11
d
i12
n
i13
e
i14
c
i15
i
16
tidnobhwfp
10
i0
t
i1
i
i2
d
i3
n
i4
o
i5
b
i6
h
i7
w
i8
f
i9
p
0
isepzym
7
i0
i
i1
s
i2
e
i3
p
i4
z
i5
y
i6
m
6
dejxbcgqaoypsv
14
i0
d
i1
e
i2
j
i3
x
i4
b
i5
c
i6
g
i7
q
i8
a
i9
o
i10
y
i11
p
i12
s
i13
v
13
jbqeftpghynaowsxvlmdrizcku
26
i0
j
i1
b
i2
q
i3
e
i4
f
i5
t
i6
p
i7
g
i8
h
i9
y
i10
n
i11
a
i12
o
i13
w
i14
s
i15
x
i16
v
i17
l
i18
m
i19
d
i20
r
i21
i
i22
z
i23
c
i24
k
i25
u
26
vtlxswhrmpay
12
i0
v
i1
t
i2
l
i3
x
i4
s
i5
w
i6
h
i7
r
i8
m
i9
p
i10
a
i11
y
11
ckzyfdrjgsubi
13
i0
c
i1
k
i2
z
i3
y
i4
f
i5
d
i6
r
i7
j
i8
g
i9
s
i10
u
i11
b
i12
i
7
khmvfunqtcyj
12
i0
k
i1
h
i2
m
i3
v
i4
f
i5
u
i6
n
i7
q
i8
t
i9
c
i10
y
i11
j
12
zeyfuvamg
9
i0
z
i1
e
i2
y
i3
f
i4
u
i5
v
i6
a
i7
m
i8
g
0
g
1
i0
g
1
flrvoenpzjasgdi
15
i0
f
i1
l
i2
r
i3
v
i4
o
i5
e
i6
n
i7
p
i8
z
i9
j
i10
a
i11
s
i12
g
i13
d
i14
i
8
lkws
4
i0
l
i1
k
i2
w
i3
s
1
g
1
i0
g
1
egquipy
7
i0
e
i1
g
i2
q
i3
u
i4
i
i5
p
i6
y
4
uyxchzlpnows
12
i0
u
i1
y
i2
x
i3
c
i4
h
i5
z
i6
l
i7
p
i8
n
i9
o
i10
w
i11
s
6
cjh
3
i0
c
i1
j
i2
h
3
k
1
i0
k
0
cisxvrpqumhzb
13
i0
c
i1
i
i2
s
i3
x
i4
v
i5
r
i6
p
i7
q
i8
u
i9
m
i10
h
i11
z
i12
b
3
ik
2
i0
i
i1
k
2
rfoautyjcs
10
i0
r
i1
f
i2
o
i3
a
i4
u
i5
t
i6
y
i7
j
i8
c
i9
s
0
ovcetwn
7
i0
o
i1
v
i2
c
i3
e
i4
t
i5
w
i6
n
6
fyxmz
5
i0
f
i1
y
i2
x
i3
m
i4
z
4
cwxjzeruktg
11
i0
c
i1
w
i2
x
i3
j
i4
z
i5
e
i6
r
i7
u
i8
k
i9
t
i10
g
4
gyvm
4
i0
g
i1
y
i2
v
i3
m
0
vitykdw
7
i0
v
i1
i
i2
t
i3
y
i4
k
i5
d
i6
w
7
gljscbkptmuwdarehvfzx
21
i0
g
i1
l
i2
j
i3
s
i4
c
i5
b
i6
k
i7
p
i8
t
i9
m
i10
u
i11
w
i12
d
i13
a
i14
r
i15
e
i16
h
i17
v
i18
f
i19
z
i20
x
21
tpvhwogzkn
10
i0
t
i1
p
i2
v
i3
h
i4
w
i5
o
i6
g
i7
z
i8
k
i9
n
8
orcaxvhnjy
10
i0
o
i1
r
i2
c
i3
a
i4
x
i5
v
i6
h
i7
n
i8
j
i9
y
5
v
1
i0
v
0
uiqke
5
i0
u
i1
i
i2
q
i3
k
i4
e
0
nwpytxsofkqc
12
i0
n
i1
w
i2
p
i3
y
i4
t
i5
x
i6
s
i7
o
i8
f
i9
k
i10
q
i11
c
7
sdphkmevgfojqw
14
i0
s
i1
d
i2
p
i3
h
i4
k
i5
m
i6
e
i7
v
i8
g
i9
f
i10
o
i11
j
i12
q
i13
w
7
uhf
3
i0
u
i1
h
i2
f
3
lzemtjfyhpnxk
13
i0
l
i1
z
i2
e
i3
m
i4
t
i5
j
i6
f
i7
y
i8
h
i9
p
i10
n
i11
x
i12
k
13
pqtsgmdjhcwlvxrkfuaoz
21
i0
p
i1
q
i2
t
i3
s
i4
g
i5
m
i6
d
i7
j
i8
h
i9
c
i10
w
i11
l
i12
v
i13
x
i14
r
i15
k
i16
f
i17
u
i18
a
i19
o
i20
z
21
pe
2
i0
p
i1
e
0
xlihufqvdbgsjm
14
i0
x
i1
l
i2
i
i3
h
i4
u
i5
f
i6
q
i7
v
i8
d
i9
b
i10
g
i11
s
i12
j
i13
m
13
p
1
i0
p
0
ohyktq
6
i0
o
i1
h
i2
y
i3
k
i4
t
i5
q
6
xgtdc
5
i0
x
i1
g
i2
t
i3
d
i4
c
0
v
1
i0
v
1
zpxcaklowhdqyr
14
i0
z
i1
p
i2
x
i3
c
i4
a
i5
k
i6
l
i7
o
i8
w
i9
h
i10
d
i11
q
i12
y
i13
r
14
tg
2
i0
t
i1
g
0
skm
3
i0
s
i1
k
i2
m
0
bvewndxcjsmgpquzrktl
20
i0
b
i1
v
i2
e
i3
w
i4
n
i5
d
i6
x
i7
c
i8
j
i9
s
i10
m
i11
g
i12
p
i13
q
i14
u
i15
z
i16
r
i17
k
i18
t
i19
l
20
t
1
i0
t
0
yglwujzrontkcbi
15
i0
y
i1
g
i2
l
i3
w
i4
u
i5
j
i6
z
i7
r
i8
o
i9
n
i10
t
i11
k
i12
c
i13
b
i14
i
3
binesf
6
i0
b
i1
i
i2
n
i3
e
i4
s
i5
f
2
ezqyinodawmughprsbtl
20
i0
e
i1
z
i2
q
i3
y
i4
i
i5
n
i6
o
i7
d
i8
a
i9
w
i10
m
i11
u
i12
g
i13
h
i14
p
i15
r
i16
s
i17
b
i18
t
i19
l
16
qbil
4
i0
q
i1
b
i2
i
i3
l
3
kywszda
7
i0
k
i1
y
i2
w
i3
s
i4
z
i5
d
i6
a
4
ivyxf
5
i0
i
i1
v
i2
y
i3
x
i4
f
3
msbprdixz
9
i0
m
i1
s
i2
b
i3
p
i4
r
i5
d
i6
i
i7
x
i8
z
1
ijdlktyzqahucpxvmngb
20
i0
i
i1
j
i2
d
i3
l
i4
k
i5
t
i6
y
i7
z
i8
q
i9
a
i10
h
i11
u
i12
c
i13
p
i14
x
i15
v
i16
m
i17
n
i18
g
i19
b
17
bszwt
5
i0
b
i1
s
i2
z
i3
w
i4
t
4
krnxtjewz
9
i0
k
i1
r
i2
n
i3
x
i4
t
i5
j
i6
e
i7
w
i8
z
6
hfpbkaxd
8
i0
h
i1
f
i2
p
i3
b
i4
k
i5
a
i6
x
i7
d
8
bucfkosvdwrhey
14
i0
b
i1
u
i2
c
i3
f
i4
k
i5
o
i6
s
i7
v
i8
d
i9
w
i10
r
i11
h
i12
e
i13
y
8
zby
3
i0
z
i1
b
i2
y
0
slzfeatm
8
i0
s
i1
l
i2
z
i3
f
i4
e
i5
a
i6
t
i7
m
7
u
1
i0
u
1
hrnpfxtaucywvijgkm
18
i0
h
i1
r
i2
n
i3
p
i4
f
i5
x
i6
t
i7
a
i8
u
i9
c
i10
y
i11
w
i12
v
i13
i
i14
j
i15
g
i16
k
i17
m
15
hfbctj
6
i0
h
i1
f
i2
b
i3
c
i4
t
i5
j
4
zqoakuwsilpvxcghryj
19
i0
z
i1
q
i2
o
i3
a
i4
k
i5
u
i6
w
i7
s
i8
i
i9
l
i10
p
i11
v
i12
x
i13
c
i14
g
i15
h
i16
r
i17
y
i18
j
12
zagubty
7
i0
z
i1
a
i2
g
i3
u
i4
b
i5
t
i6
y
7
fuegqxobhnrj
12
i0
f
i1
u
i2
e
i3
g
i4
q
i5
x
i6
o
i7
b
i8
h
i9
n
i10
r
i11
j
11
zhsvktuoiljaqcbfmxpdey
22
i0
z
i1
h
i2
s
i3
v
i4
k
i5
t
i6
u
i7
o
i8
i
i9
l
i10
j
i11
a
i12
q
i13
c
i14
b
i15
f
i16
m
i17
x
i18
p
i19
d
i20
e
i21
y
22
zyqknjwifrgbosd
15
i0
z
i1
y
i2
q
i3
k
i4
n
i5
j
i6
w
i7
i
i8
f
i9
r
i10
g
i11
b
i12
o
i13
s
i14
d
15
dqwkub
6
i0
d
i1
q
i2
w
i3
k
i4
u
i5
b
6
rksnm
5
i0
r
i1
k
i2
s
i3
n
i4
m
4
vhxsaniezkdyqrbpowumcftl
24
i0
v
i1
h
i2
x
i3
s
i4
a
i5
n
i6
i
i7
e
i8
z
i9
k
i10
d
i11
y
i12
q
i13
r
i14
b
i15
p
i16
o
i17
w
i18
u
i19
m
i20
c
i21
f
i22
t
i23
l
22
rpmkdzohwslfxbvu
16
i0
r
i1
p
i2
m
i3
k
i4
d
i5
z
i6
o
i7
h
i8
w
i9
s
i10
l
i11
f
i12
x
i13
b
i14
v
i15
u
16
awkrmqyfugihdlc
15
i0
a
i1
w
i2
k
i3
r
i4
m
i5
q
i6
y
i7
f
i8
u
i9
g
i10
i
i11
h
i12
d
i13
l
i14
c
15
iedbftckjlxrsuwq
16
i0
i
i1
e
i2
d
i3
b
i4
f
i5
t
i6
c
i7
k
i8
j
i9
l
i10
x
i11
r
i12
s
i13
u
i14
w
i15
q
13
qeimrg
6
i0
q
i1
e
i2
i
i3
m
i4
r
i5
g
4
zqufkvrhcbywijaxd
17
i0
z
i1
q
i2
u
i3
f
i4
k
i5
v
i6
r
i7
h
i8
c
i9
b
i10
y
i11
w
i12
i
i13
j
i14
a
i15
x
i16
d
15
lehzwtvxfyoc
12
i0
l
i1
e
i2
h
i3
z
i4
w
i5
t
i6
v
i7
x
i8
f
i9
y
i10
o
i11
c
0
kfelouicxwp
11
i0
k
i1
f
i2
e
i3
l
i4
o
i5
u
i6
i
i7
c
i8
x
i9
w
i10
p
8
tqsxozawihuvprngb
17
i0
t
i1
q
i2
s
i3
x
i4
o
i5
z
i6
a
i7
w
i8
i
i9
h
i10
u
i11
v
i12
p
i13
r
i14
n
i15
g
i16
b
17
tjqzdv
6
i0
t
i1
j
i2
q
i3
z
i4
d
i5
v
2
dblxqy
6
i0
d
i1
b
i2
l
i3
x
i4
q
i5
y
6
qwy
3
i0
q
i1
w
i2
y
2
c
1
i0
c
1
vranojk
7
i0
v
i1
r
i2
a
i3
n
i4
o
i5
j
i6
k
3
pgozlmirnsctahb
15
i0
p
i1
g
i2
o
i3
z
i4
l
i5
m
i6
i
i7
r
i8
n
i9
s
i10
c
i11
t
i12
a
i13
h
i14
b
3
yaipskjmn
9
i0
y
i1
a
i2
i
i3
p
i4
s
i5
k
i6
j
i7
m
i8
n
1
xetlrksbqajwnhdicypzfm
22
i0
x
i1
e
i2
t
i3
l
i4
r
i5
k
i6
s
i7
b
i8
q
i9
a
i10
j
i11
w
i12
n
i13
h
i14
d
i15
i
i16
c
i17
y
i18
p
i19
z
i20
f
i21
m
22
zsjy
4
i0
z
i1
s
i2
j
i3
y
0
ugidx
5
i0
u
i1
g
i2
i
i3
d
i4
x
2
recfdjwyo
9
i0
r
i1
e
i2
c
i3
f
i4
d
i5
j
i6
w
i7
y
i8
o
7
tiyvjfrq
8
i0
t
i1
i
i2
y
i3
v
i4
j
i5
f
i6
r
i7
q
4
v
1
i0
v
1
vp
2
i0
v
i1
p
1
uynizpqwjxkhmbvtgsfoclr
23
i0
u
i1
y
i2
n
i3
i
i4
z
i5
p
i6
q
i7
w
i8
j
i9
x
i10
k
i11
h
i12
m
i13
b
i14
v
i15
t
i16
g
i17
s
i18
f
i19
o
i20
c
i21
l
i22
r
23
xhiycdtgepjl
12
i0
x
i1
h
i2
i
i3
y
i4
c
i5
d
i6
t
i7
g
i8
e
i9
p
i10
j
i11
l
9
oxldsck
7
i0
o
i1
x
i2
l
i3
d
i4
s
i5
c
i6
k
1
likygc
6
i0
l
i1
i
i2
k
i3
y
i4
g
i5
c
6
h
1
i0
h
1
prgqxumtzovicelsh
17
i0
p
i1
r
i2
g
i3
q
i4
x
i5
u
i6
m
i7
t
i8
z
i9
o
i10
v
i11
i
i12
c
i13
e
i14
l
i15
s
i16
h
14
kitcamjohx
10
i0
k
i1
i
i2
t
i3
c
i4
a
i5
m
i6
j
i7
o
i8
h
i9
x
6
cgr
3
i0
c
i1
g
i2
r
0
kj
2
i0
k
i1
j
2
rcjq
4
i0
r
i1
c
i2
j
i3
q
1
swnj
4
i0
s
i1
w
i2
n
i3
j
4
vsucrmkdjnpbyt
14
i0
v
i1
s
i2
u
i3
c
i4
r
i5
m
i6
k
i7
d
i8
j
i9
n
i10
p
i11
b
i12
y
i13
t
1
ojywsnupzdbgt
13
i0
o
i1
j
i2
y
i3
w
i4
s
i5
n
i6
u
i7
p
i8
z
i9
d
i10
b
i11
g
i12
t
13
ozjwdi
6
i0
o
i1
z
i2
j
i3
w
i4
d
i5
i
0
twp
3
i0
t
i1
w
i2
p
3
zibgtnfowlkyruxhpe
18
i0
z
i1
i
i2
b
i3
g
i4
t
i5
n
i6
f
i7
o
i8
w
i9
l
i10
k
i11
y
i12
r
i13
u
i14
x
i15
h
i16
p
i17
e
14
ehsrkiza
8
i0
e
i1
h
i2
s
i3
r
i4
k
i5
i
i6
z
i7
a
4
zndvtbpou
9
i0
z
i1
n
i2
d
i3
v
i4
t
i5
b
i6
p
i7
o
i8
u
0
clhiwkmxsvzoquagpytdfrje
24
i0
c
i1
l
i2
h
i3
i
i4
w
i5
k
i6
m
i7
x
i8
s
i9
v
i10
z
i11
o
i12
q
i13
u
i14
a
i15
g
i16
p
i17
y
i18
t
i19
d
i20
f
i21
r
i22
j
i23
e
22
yfmcpjv
7
i0
y
i1
f
i2
m
i3
c
i4
p
i5
j
i6
v
7
zfcski
6
i0
z
i1
f
i2
c
i3
s
i4
k
i5
i
0
abjwrpqvityznofe
16
i0
a
i1
b
i2
j
i3
w
i4
r
i5
p
i6
q
i7
v
i8
i
i9
t
i10
y
i11
z
i12
n
i13
o
i14
f
i15
e
7
ioxharsyepdvqlw
15
i0
i
i1
o
i2
x
i3
h
i4
a
i5
r
i6
s
i7
y
i8
e
i9
p
i10
d
i11
v
i12
q
i13
l
i14
w
9
jyz
3
i0
j
i1
y
i2
z
1
brhwnqkdlmp
11
i0
b
i1
r
i2
h
i3
w
i4
n
i5
q
i6
k
i7
d
i8
l
i9
m
i10
p
7
xjecqo
6
i0
x
i1
j
i2
e
i3
c
i4
q
i5
o
4
eiuvwqlgcfdtmaxskzro
20
i0
e
i1
i
i2
u
i3
v
i4
w
i5
q
i6
l
i7
g
i8
c
i9
f
i10
d
i11
t
i12
m
i13
a
i14
x
i15
s
i16
k
i17
z
i18
r
i19
o
20
tdsifoa
7
i0
t
i1
d
i2
s
i3
i
i4
f
i5
o
i6
a
5
cmfieopwahbv
12
i0
c
i1
m
i2
f
i3
i
i4
e
i5
o
i6
p
i7
w
i8
a
i9
h
i10
b
i11
v
12
qkatb
5
i0
q
i1
k
i2
a
i3
t
i4
b
0
gsml
4
i0
g
i1
s
i2
m
i3
l
4
icvsozwrtmhkdjqbpanfey
22
i0
i
i1
c
i2
v
i3
s
i4
o
i5
z
i6
w
i7
r
i8
t
i9
m
i10
h
i11
k
i12
d
i13
j
i14
q
i15
b
i16
p
i17
a
i18
n
i19
f
i20
e
i21
y
21
zsjcxfrkhbdtnqiup
17
i0
z
i1
s
i2
j
i3
c
i4
x
i5
f
i6
r
i7
k
i8
h
i9
b
i10
d
i11
t
i12
n
i13
q
i14
i
i15
u
i16
p
16
scenvazqugw
11
i0
s
i1
c
i2
e
i3
n
i4
v
i5
a
i6
z
i7
q
i8
u
i9
g
i10
w
9
rju
3
i0
r
i1
j
i2
u
1
wih
3
i0
w
i1
i
i2
h
3
igovmnr
7
i0
i
i1
g
i2
o
i3
v
i4
m
i5
n
i6
r
6
mdg
3
i0
m
i1
d
i2
g
3
uyfvo
5
i0
u
i1
y
i2
f
i3
v
i4
o
5
xopjzuklndgf
12
i0
x
i1
o
i2
p
i3
j
i4
z
i5
u
i6
k
i7
l
i8
n
i9
d
i10
g
i11
f
11
axcigphuyorenk
14
i0
a
i1
x
i2
c
i3
i
i4
g
i5
p
i6
h
i7
u
i8
y
i9
o
i10
r
i11
e
i12
n
i13
k
8
mqza
4
i0
m
i1
q
i2
z
i3
a
2
wd
2
i0
w
i1
d
1
lpxki
5
i0
l
i1
p
i2
x
i3
k
i4
i
4
jsmthniyukolfaqec
17
i0
j
i1
s
i2
m
i3
t
i4
h
i5
n
i6
i
i7
y
i8
u
i9
k
i10
o
i11
l
i12
f
i13
a
i14
q
i15
e
i16
c
7
buwdmtjlr
9
i0
b
i1
u
i2
w
i3
d
i4
m
i5
t
i6
j
i7
l
i8
r
7
gqdtopfcb
9
i0
g
i1
q
i2
d
i3
t
i4
o
i5
p
i6
f
i7
c
i8
b
9
pyqdsubkejzctra
15
i0
p
i1
y
i2
q
i3
d
i4
s
i5
u
i6
b
i7
k
i8
e
i9
j
i10
z
i11
c
i12
t
i13
r
i14
a
6
evlxmzhq
8
i0
e
i1
v
i2
l
i3
x
i4
m
i5
z
i6
h
i7
q
8
tpzk
4
i0
t
i1
p
i2
z
i3
k
4
kdyjimzvbagonslpxq
18
i0
k
i1
d
i2
y
i3
j
i4
i
i5
m
i6
z
i7
v
i8
b
i9
a
i10
g
i11
o
i12
n
i13
s
i14
l
i15
p
i16
x
i17
q
15
hiyxwueazmcjbnrogq
18
i0
h
i1
i
i2
y
i3
x
i4
w
i5
u
i6
e
i7
a
i8
z
i9
m
i10
c
i11
j
i12
b
i13
n
i14
r
i15
o
i16
g
i17
q
14
eonwsb
6
i0
e
i1
o
i2
n
i3
w
i4
s
i5
b
5
fhpeiqlwkbnuavzgtjm
19
i0
f
i1
h
i2
p
i3
e
i4
i
i5
q
i6
l
i7
w
i8
k
i9
b
i10
n
i11
u
i12
a
i13
v
i14
z
i15
g
i16
t
i17
j
i18
m
12
hvgyfuewsntdqx
14
i0
h
i1
v
i2
g
i3
y
i4
f
i5
u
i6
e
i7
w
i8
s
i9
n
i10
t
i11
d
i12
q
i13
x
11
x
1
i0
x
1
zugbqpdfrx
10
i0
z
i1
u
i2
g
i3
b
i4
q
i5
p
i6
d
i7
f
i8
r
i9
x
8
jypuex
6
i0
j
i1
y
i2
p
i3
u
i4
e
i5
x
5
ndehbumxg
9
i0
n
i1
d
i2
e
i3
h
i4
b
i5
u
i6
m
i7
x
i8
g
3
cfxvelwdp
9
i0
c
i1
f
i2
x
i3
v
i4
e
i5
l
i6
w
i7
d
i8
p
8
wb
2
i0
w
i1
b
1
xv
2
i0
x
i1
v
0
rohtynmekalfvjpidgzcwu
22
i0
r
i1
o
i2
h
i3
t
i4
y
i5
n
i6
m
i7
e
i8
k
i9
a
i10
l
i11
f
i12
v
i13
j
i14
p
i15
i
i16
d
i17
g
i18
z
i19
c
i20
w
i21
u
19
vxdpbkqmgschyoul
16
i0
v
i1
x
i2
d
i3
p
i4
b
i5
k
i6
q
i7
m
i8
g
i9
s
i10
c
i11
h
i12
y
i13
o
i14
u
i15
l
9
gkld
4
i0
g
i1
k
i2
l
i3
d
4
gxmnzys
7
i0
g
i1
x
i2
m
i3
n
i4
z
i5
y
i6
s
5
hwzuvsytkand
12
i0
h
i1
w
i2
z
i3
u
i4
v
i5
s
i6
y
i7
t
i8
k
i9
a
i10
n
i11
d
12
dlmthcunbve
11
i0
d
i1
l
i2
m
i3
t
i4
h
i5
c
i6
u
i7
n
i8
b
i9
v
i10
e
11
qmjoxsfduwrpyech
16
i0
q
i1
m
i2
j
i3
o
i4
x
i5
s
i6
f
i7
d
i8
u
i9
w
i10
r
i11
p
i12
y
i13
e
i14
c
i15
h
16
okqjnaevywpfhzctgdiul
21
i0
o
i1
k
i2
q
i3
j
i4
n
i5
a
i6
e
i7
v
i8
y
i9
w
i10
p
i11
f
i12
h
i13
z
i14
c
i15
t
i16
g
i17
d
i18
i
i19
u
i20
l
20
zpdbawuoqcvex
13
i0
z
i1
p
i2
d
i3
b
i4
a
i5
w
i6
u
i7
o
i8
q
i9
c
i10
v
i11
e
i12
x
13
dwq
3
i0
d
i1
w
i2
q
3
pyjxqscdimuegblk
16
i0
p
i1
y
i2
j
i3
x
i4
q
i5
s
i6
c
i7
d
i8
i
i9
m
i10
u
i11
e
i12
g
i13
b
i14
l
i15
k
15
kurjsczqilp
11
i0
k
i1
u
i2
r
i3
j
i4
s
i5
c
i6
z
i7
q
i8
i
i9
l
i10
p
7
fvlw
4
i0
f
i1
v
i2
l
i3
w
4
b
1
i0
b
0
uxjoeqbvchklt
13
i0
u
i1
x
i2
j
i3
o
i4
e
i5
q
i6
b
i7
v
i8
c
i9
h
i10
k
i11
l
i12
t
10
zdmbgjest
9
i0
z
i1
d
i2
m
i3
b
i4
g
i5
j
i6
e
i7
s
i8
t
2
bcgmjye
7
i0
b
i1
c
i2
g
i3
m
i4
j
i5
y
i6
e
0
vjxmoqcgslufnk
14
i0
v
i1
j
i2
x
i3
m
i4
o
i5
q
i6
c
i7
g
i8
s
i9
l
i10
u
i11
f
i12
n
i13
k
11
d
1
i0
d
0
gjwfdasitcrzvhl
15
i0
g
i1
j
i2
w
i3
f
i4
d
i5
a
i6
s
i7
i
i8
t
i9
c
i10
r
i11
z
i12
v
i13
h
i14
l
8
dsitcgaj
8
i0
d
i1
s
i2
i
i3
t
i4
c
i5
g
i6
a
i7
j
6
globmq
6
i0
g
i1
l
i2
o
i3
b
i4
m
i5
q
6
yzxkbjdrmpgevsuc
16
i0
y
i1
z
i2
x
i3
k
i4
b
i5
j
i6
d
i7
r
i8
m
i9
p
i10
g
i11
e
i12
v
i13
s
i14
u
i15
c
15
cxjnq
5
i0
c
i1
x
i2
j
i3
n
i4
q
3
ystmjzl
7
i0
y
i1
s
i2
t
i3
m
i4
j
i5
z
i6
l
3
ftrmwn
6
i0
f
i1
t
i2
r
i3
m
i4
w
i5
n
5
pwcevirqxhlnaygbzdmsj
21
i0
p
i1
w
i2
c
i3
e
i4
v
i5
i
i6
r
i7
q
i8
x
i9
h
i10
l
i11
n
i12
a
i13
y
i14
g
i15
b
i16
z
i17
d
i18
m
i19
s
i20
j
20
eiuojl
6
i0
e
i1
i
i2
u
i3
o
i4
j
i5
l
5
hsokycxlg
9
i0
h
i1
s
i2
o
i3
k
i4
y
i5
c
i6
x
i7
l
i8
g
8
kuhvdtfqsrjmlzbnegi
19
i0
k
i1
u
i2
h
i3
v
i4
d
i5
t
i6
f
i7
q
i8
s
i9
r
i10
j
i11
m
i12
l
i13
z
i14
b
i15
n
i16
e
i17
g
i18
i
19
phn
3
i0
p
i1
h
i2
n
3
jimkxgocwdsyn
13
i0
j
i1
i
i2
m
i3
k
i4
x
i5
g
i6
o
i7
c
i8
w
i9
d
i10
s
i11
y
i12
n
13
c
1
i0
c
1
mbzsdx
6
i0
m
i1
b
i2
z
i3
s
i4
d
i5
x
0
jhypbcxluavqsfzk
16
i0
j
i1
h
i2
y
i3
p
i4
b
i5
c
i6
x
i7
l
i8
u
i9
a
i10
v
i11
q
i12
s
i13
f
i14
z
i15
k
15
qnhmysckzgxiflu
15
i0
q
i1
n
i2
h
i3
m
i4
y
i5
s
i6
c
i7
k
i8
z
i9
g
i10
x
i11
i
i12
f
i13
l
i14
u
11
xyzjqsu
7
i0
x
i1
y
i2
z
i3
j
i4
q
i5
s
i6
u
7
nxygalsc
8
i0
n
i1
x
i2
y
i3
g
i4
a
i5
l
i6
s
i7
c
7
uzjkfcabnmpxtw
14
i0
u
i1
z
i2
j
i3
k
i4
f
i5
c
i6
a
i7
b
i8
n
i9
m
i10
p
i11
x
i12
t
i13
w
3
dmgkarlfz
9
i0
d
i1
m
i2
g
i3
k
i4
a
i5
r
i6
l
i7
f
i8
z
6
astekwuyridcbogvzjq
19
i0
a
i1
s
i2
t
i3
e
i4
k
i5
w
i6
u
i7
y
i8
r
i9
i
i10
d
i11
c
i12
b
i13
o
i14
g
i15
v
i16
z
i17
j
i18
q
17
s
1
i0
s
1
vk
2
i0
v
i1
k
2
gaj
3
i0
g
i1
a
i2
j
0
zgurncxevkbths
14
i0
z
i1
g
i2
u
i3
r
i4
n
i5
c
i6
x
i7
e
i8
v
i9
k
i10
b
i11
t
i12
h
i13
s
9
uvsrmwbpxitcelq
15
i0
u
i1
v
i2
s
i3
r
i4
m
i5
w
i6
b
i7
p
i8
x
i9
i
i10
t
i11
c
i12
e
i13
l
i14
q
8
qarbgx
6
i0
q
i1
a
i2
r
i3
b
i4
g
i5
x
0
ahjnzxtgmqibkeuv
16
i0
a
i1
h
i2
j
i3
n
i4
z
i5
x
i6
t
i7
g
i8
m
i9
q
i10
i
i11
b
i12
k
i13
e
i14
u
i15
v
15
veu
3
i0
v
i1
e
i2
u
1
whgjdb
6
i0
w
i1
h
i2
g
i3
j
i4
d
i5
b
0
xowc
4
i0
x
i1
o
i2
w
i3
c
3
lb
2
i0
l
i1
b
1
egpsqzx
7
i0
e
i1
g
i2
p
i3
s
i4
q
i5
z
i6
x
7
cwrm
4
i0
c
i1
w
i2
r
i3
m
2
wn
2
i0
w
i1
n
1
not
3
i0
n
i1
o
i2
t
2
rckimhotdxjl
12
i0
r
i1
c
i2
k
i3
i
i4
m
i5
h
i6
o
i7
t
i8
d
i9
x
i10
j
i11
l
2
jpgkrltvya
10
i0
j
i1
p
i2
g
i3
k
i4
r
i5
l
i6
t
i7
v
i8
y
i9
a
7
qzckhypdlwftb
13
i0
q
i1
z
i2
c
i3
k
i4
h
i5
y
i6
p
i7
d
i8
l
i9
w
i10
f
i11
t
i12
b
5
jsdzexo
7
i0
j
i1
s
i2
d
i3
z
i4
e
i5
x
i6
o
7
dg
2
i0
d
i1
g
2
z
1
i0
z
1
omvejgrputf
11
i0
o
i1
m
i2
v
i3
e
i4
j
i5
g
i6
r
i7
p
i8
u
i9
t
i10
f
11
xacbqjsyvk
10
i0
x
i1
a
i2
c
i3
b
i4
q
i5
j
i6
s
i7
y
i8
v
i9
k
10
8
nvhjwdom
8
i0
n
i1
v
i2
h
i3
j
i4
w
i5
d
i6
o
i7
m
8
nfpaoeitbdyvuhrs
16
i0
n
i1
f
i2
p
i3
a
i4
o
i5
e
i6
i
i7
t
i8
b
i9
d
i10
y
i11
v
i12
u
i13
h
i14
r
i15
s
9
gdkr
4
i0
g
i1
d
i2
k
i3
r
4
tcfnehwvj
9
i0
t
i1
c
i2
f
i3
n
i4
e
i5
h
i6
w
i7
v
i8
j
8
erohnpau
8
i0
e
i1
r
i2
o
i3
h
i4
n
i5
p
i6
a
i7
u
8
eskvwzxp
8
i0
e
i1
s
i2
k
i3
v
i4
w
i5
z
i6
x
i7
p
6
d
1
i0
d
0
eistjpgmnfhrb
13
i0
e
i1
i
i2
s
i3
t
i4
j
i5
p
i6
g
i7
m
i8
n
i9
f
i10
h
i11
r
i12
b
2
vbe
3
i0
v
i1
b
i2
e
2
mbagdqsox
9
i0
m
i1
b
i2
a
i3
g
i4
d
i5
q
i6
s
i7
o
i8
x
9
crodfihjzb
10
i0
c
i1
r
i2
o
i3
d
i4
f
i5
i
i6
h
i7
j
i8
z
i9
b
8
ydz
3
i0
y
i1
d
i2
z
2
dqlypnmf
8
i0
d
i1
q
i2
l
i3
y
i4
p
i5
n
i6
m
i7
f
8
tzdbgiq
7
i0
t
i1
z
i2
d
i3
b
i4
g
i5
i
i6
q
7
p
1
i0
p
1
cnbkuvahfolsgtqr
16
i0
c
i1
n
i2
b
i3
k
i4
u
i5
v
i6
a
i7
h
i8
f
i9
o
i10
l
i11
s
i12
g
i13
t
i14
q
i15
r
13
qitflvsmp
9
i0
q
i1
i
i2
t
i3
f
i4
l
i5
v
i6
s
i7
m
i8
p
9
bljaqdnkosxhy
13
i0
b
i1
l
i2
j
i3
a
i4
q
i5
d
i6
n
i7
k
i8
o
i9
s
i10
x
i11
h
i12
y
11
yvjluq
6
i0
y
i1
v
i2
j
i3
l
i4
u
i5
q
1
crqjmo
6
i0
c
i1
r
i2
q
i3
j
i4
m
i5
o
4
czdipgjlk
9
i0
c
i1
z
i2
d
i3
i
i4
p
i5
g
i6
j
i7
l
i8
k
6
rm
2
i0
r
i1
m
2
uegltzby
8
i0
u
i1
e
i2
g
i3
l
i4
t
i5
z
i6
b
i7
y
7
hxmqrgkpntzyldjbs
17
i0
h
i1
x
i2
m
i3
q
i4
r
i5
g
i6
k
i7
p
i8
n
i9
t
i10
z
i11
y
i12
l
i13
d
i14
j
i15
b
i16
s
10
voameyfg
8
i0
v
i1
o
i2
a
i3
m
i4
e
i5
y
i6
f
i7
g
5
hxjuetbri
9
i0
h
i1
x
i2
j
i3
u
i4
e
i5
t
i6
b
i7
r
i8
i
6
gxnsf
5
i0
g
i1
x
i2
n
i3
s
i4
f
4
bmuhtleiv
9
i0
b
i1
m
i2
u
i3
h
i4
t
i5
l
i6
e
i7
i
i8
v
1
bgch
4
i0
b
i1
g
i2
c
i3
h
4
pk
2
i0
p
i1
k
1
fn
2
i0
f
i1
n
2
durnkjygtxqwihsbalz
19
i0
d
i1
u
i2
r
i3
n
i4
k
i5
j
i6
y
i7
g
i8
t
i9
x
i10
q
i11
w
i12
i
i13
h
i14
s
i15
b
i16
a
i17
l
i18
z
11
tqsglayz
8
i0
t
i1
q
i2
s
i3
g
i4
l
i5
a
i6
y
i7
z
8
r
1
i0
r
1
puizdkoaylhswb
14
i0
p
i1
u
i2
i
i3
z
i4
d
i5
k
i6
o
i7
a
i8
y
i9
l
i10
h
i11
s
i12
w
i13
b
1
tcihvpqdb
9
i0
t
i1
c
i2
i
i3
h
i4
v
i5
p
i6
q
i7
d
i8
b
5
ntvxahycozrewpi
15
i0
n
i1
t
i2
v
i3
x
i4
a
i5
h
i6
y
i7
c
i8
o
i9
z
i10
r
i11
e
i12
w
i13
p
i14
i
11
vuzysfaoxdihgjqnkbl
19
i0
v
i1
u
i2
z
i3
y
i4
s
i5
f
i6
a
i7
o
i8
x
i9
d
i10
i
i11
h
i12
g
i13
j
i14
q
i15
n
i16
k
i17
b
i18
l
18
uwfajgzpdrhsbitkmclqvno
23
i0
u
i1
w
i2
f
i3
a
i4
j
i5
g
i6
z
i7
p
i8
d
i9
r
i10
h
i11
s
i12
b
i13
i
i14
t
i15
k
i16
m
i17
c
i18
l
i19
q
i20
v
i21
n
i22
o
23
squmrdowjy
10
i0
s
i1
q
i2
u
i3
m
i4
r
i5
d
i6
o
i7
w
i8
j
i9
y
7
TOTAL
3316
